Generazione: Migliore valore della funzione di costo: 
0               2293.97
1               2211.88
2               2103.42
3               1909.63
4               1909.63
5               1859.98
6               1852.52
7               1721.13
8               1661.29
9               1658.93
10               1540.98
11               1527.62
12               1501.16
13               1501.16
14               1488.11
15               1488.11
16               1488.11
17               1488.11
18               1420.89
19               1355.84
20               1337.07
21               1337.07
22               1309.92
23               1276.49
24               1269.26
25               1234.75
26               1234.68
27               1214.46
28               1191.91
29               1180.41
30               1180.41
31               1156.03
32               1141.79
33               1120.99
34               1112.29
35               1107.25
36               1086.86
37               1031.13
38               993.955
39               993.955
40               980.874
41               977.151
42               977.151
43               977.151
44               957.173
45               944.033
46               944.033
47               926.684
48               902.116
49               902.116
50               900.204
51               900.204
52               860.109
53               860.109
54               860.109
55                841.16
56               820.499
57               820.499
58               830.941
59               819.416
60               805.574
61               785.859
62               785.859
63               776.891
64               776.891
65               767.484
66               774.648
67               765.494
68               765.494
69               765.494
70               744.566
71               744.338
72               733.169
73               733.169
74               720.644
75               720.644
76               720.644
77               712.417
78               712.417
79               703.069
80               698.234
81               688.708
82               663.013
83               662.978
84               662.978
85               657.142
86               643.208
87               641.495
88               634.261
89               633.775
90               633.775
91               607.824
92               607.789
93               603.126
94               603.126
95               603.126
96               600.862
97               600.862
98                600.63
99                589.14
100                589.14
101                585.59
102               573.987
103                573.84
104                573.84
105                570.72
106               556.066
107               553.307
108               548.389
109               548.389
110               548.389
111               537.173
112               521.415
113               521.415
114               513.791
115               513.791
116               513.118
117               510.203
118               510.203
119               494.697
120               494.697
121               484.746
122               484.633
123               480.727
124               473.969
125               473.969
126               473.969
127                464.69
128                464.69
129               460.376
130               460.376
131               442.399
132               442.399
133               442.399
134               442.399
135               442.399
136               439.288
137               439.288
138               439.288
139               429.675
140               421.095
141               421.095
142               421.095
143                 420.6
144               419.622
145               419.568
146                415.07
147               414.575
148               413.413
149               413.413
150               410.576
151               400.755
152               400.755
153               398.851
154               398.851
155               394.524
156               394.524
157               394.524
158               392.557
159               384.239
160               379.056
161               378.587
162               371.589
163               371.589
164               371.589
165               364.397
166               362.579
167               360.101
168               356.325
169               354.683
170               345.451
171               340.565
172               340.565
173               340.565
174               340.565
175               340.565
176               340.565
177               333.219
178               333.219
179               332.435
180               331.018
181                329.91
182               326.294
183               316.367
184               316.367
185               316.367
186               316.367
187               316.367
188               314.973
189               309.789
190               309.789
191               309.789
192               301.716
193               301.716
194               292.459
195               292.459
196               292.459
197               289.553
198               289.553
199               289.553
200               287.914
201               287.914
202               287.345
203               280.089
204               275.509
205               275.509
206               275.509
207               275.509
208               272.321
209               272.321
210               272.321
211               270.267
212               263.061
213               263.061
214               263.061
215               263.061
216               262.086
217               263.061
218               263.061
219               254.713
220               254.713
221               254.713
222               254.713
223               248.414
224               248.414
225               248.414
226               247.227
227                246.71
228                246.71
229                246.71
230                246.65
231               245.237
232               244.202
233               244.028
234               243.684
235               243.005
236               241.811
237               239.686
238               233.735
239               233.735
240               233.735
241               233.735
242               233.735
243               231.054
244               230.848
245               230.848
246               230.613
247               227.683
248               224.214
249               224.214
250               221.701
251               221.701
252               221.701
253               221.602
254               221.602
255               221.602
256               221.602
257               220.867
258               220.867
259               220.867
260               213.316
261               212.146
262               210.246
263               210.246
264               210.246
265               210.246
266               210.246
267               210.246
268               199.994
269               199.994
270               199.994
271               194.945
272               194.945
273               194.945
274                193.23
275               186.148
276               190.083
277               190.083
278                187.84
279               184.955
280                184.14
281               180.983
282               180.218
283               179.886
284               179.043
285               177.917
286               177.917
287               177.917
288               177.002
289               177.002
290               177.002
291               171.698
292               171.322
293               170.196
294               167.869
295               167.869
296               167.869
297               167.869
298                167.63
299                167.63
300                167.63
301               161.851
302               161.851
303               160.349
304                159.91
305                159.91
306                159.91
307                159.91
308                159.91
309                159.91
310               158.481
311               158.481
312               158.481
313               158.481
314               158.481
315               158.481
316               157.261
317               157.261
318               157.048
319               157.048
320               157.048
321               157.048
322                154.97
323                154.97
324               153.889
325               153.479
326               153.479
327               153.479
328               153.479
329               153.479
330               153.479
331               151.719
332               150.217
333               147.867
334               147.867
335               147.867
336               145.369
337               145.369
338               145.168
339               145.168
340               145.168
341               143.112
342               143.112
343               143.112
344               142.099
345               142.099
346               142.099
347               142.099
348               142.099
349               142.099
350               142.099
351               140.754
352               140.754
353               140.315
354               139.322
355               139.045
356               139.322
357               139.045
358               139.045
359               137.979
360               137.979
361               137.212
362               137.212
363               136.176
364               136.176
365               136.176
366               136.176
367               133.248
368               133.248
369               130.986
370               130.986
371               129.365
372                127.84
373                127.84
374                127.84
375                127.84
376               125.966
377               125.937
378               125.396
379                125.12
380                124.17
381               123.307
382               123.307
383               123.307
384               123.307
385               123.307
386               122.488
387               122.488
388               122.488
389               122.488
390               122.488
391               121.102
392                 121.1
393               118.084
394               118.084
395               118.084
396               118.084
397               118.084
398               116.774
399                116.37
400                116.37
401               115.966
402               115.966
403               115.918
404               112.267
405               112.267
406               111.295
407               111.295
408               111.295
409               111.295
410               110.735
411               110.735
412               110.451
413               109.884
414               109.884
415               109.025
416               109.025
417               109.025
418               109.022
419               108.315
420               108.315
421               107.449
422               107.449
423               107.449
424               107.449
425               107.144
426               107.144
427               107.144
428               107.144
429               107.144
430               107.144
431               105.283
432               105.283
433               105.283
434               104.698
435               104.698
436               104.698
437               104.698
438               104.698
439               104.698
440               104.698
441               103.348
442               103.348
443               103.318
444               102.176
445               102.176
446               102.146
447               102.146
448               102.146
449               102.146
450               102.146
451               101.438
452               101.438
453               101.053
454               101.053
455               100.676
456               99.9039
457               98.6568
458               98.6568
459               98.6568
460               98.6568
461                98.505
462               96.6859
463               96.6859
464               96.6859
465               95.8696
466               95.8696
467               95.8696
468               95.8696
469               95.8696
470               95.8696
471               95.1487
472               94.8065
473               94.8065
474               92.6527
475               91.7092
476               91.7092
477               91.7092
478                90.373
479                90.373
480                90.373
481                 89.17
482                 89.17
483               88.6087
484               88.6087
485               88.6087
486               88.6087
487               88.5778
488               87.8717
489               87.8693
490               87.8693
491               87.4457
492               87.4457
493               87.1224
494               86.9622
495               86.9622
496               86.7804
497               86.7804
498               84.0936
499               84.0936
500               84.0936
501               83.3123
502               83.3123
503               82.7381
504               82.7381
505               82.6251
506               82.5563
507               81.0268
508               80.8242
509               80.6223
510               80.6223
511               80.0428
512               80.0428
513               80.0428
514               80.0428
515               80.0428
516               80.0428
517               80.0428
518               80.0428
519               80.0428
520               80.0428
521               80.0428
522               78.9117
523               78.5934
524               78.5934
525               78.5934
526               78.5934
527               78.5934
528               78.5934
529               78.5934
530               78.5934
531               78.3322
532               78.3322
533               78.3322
534               78.3322
535               78.3322
536               78.3322
537                78.304
538                78.304
539                78.304
540                78.304
541               78.0428
542               77.0309
543               77.0309
544               77.0309
545               76.8491
546               76.8491
547               76.8491
548               76.7889
549               76.7889
550               76.7889
551               75.9054
552               75.9054
553               75.2366
554               75.2366
555               75.1626
556               75.1626
557               75.1626
558               75.1626
559               75.1626
560               74.8428
561               73.0995
562               73.0995
563               73.0995
564               73.0995
565               73.0995
566               73.0995
567               73.0141
568               72.9593
569               72.9593
570               72.7419
571               69.7947
572               69.7947
573               69.7947
574               69.7947
575               69.7947
576               69.7947
577               69.7947
578               69.7947
579               69.7947
580               69.7947
581               69.4405
582               69.4405
583               69.4405
584               69.4405
585               69.4405
586               69.4405
587               69.4405
588               69.4405
589               69.4405
590               69.4405
591               68.8825
592               68.8825
593               68.6395
594               68.6395
595               68.6395
596               68.6103
597               68.6103
598               68.0293
599               68.0293
600               68.0293
601               68.0293
602               67.4085
603               67.4085
604               67.4085
605               67.3781
606               67.3781
607               67.3781
608               67.3781
609               67.2118
610               67.2118
611                 66.97
612               66.7526
613               66.4183
614               66.4183
615               66.4183
616               65.8463
617               65.8463
618               65.8463
619               65.8463
620               65.8463
621               65.4098
622               65.4098
623               65.1951
624               65.1951
625               65.1951
626               65.1951
627               65.1951
628               65.1951
629               65.1951
630               64.8537
631                63.977
632               63.9612
633               63.9612
634               63.9612
635               63.9612
636               63.9612
637                63.651
638                63.651
639                63.651
640                63.651
641                63.405
642                63.405
643                63.405
644               63.0949
645               63.0949
646               63.0949
647               63.0949
648               63.0949
649               63.0949
650               63.0949
651               63.0949
652               63.0949
653               63.0949
654               63.0949
655               63.0949
656               63.0949
657               63.0949
658               63.0219
659               63.0219
660               63.0219
661               63.0219
662               63.0219
663               63.0219
664               63.0219
665               63.0219
666               63.0219
667               63.0219
668               63.0219
669               63.0219
670               63.0219
671               62.6241
672               62.6241
673               62.6241
674               62.6241
675               62.6241
676               62.6241
677               62.6241
678               62.6241
679               62.6241
680               62.6241
681               62.6241
682               62.6241
683               62.6241
684               62.6241
685               62.6241
686               62.6241
687               62.6241
688               62.6241
689               62.6241
690               62.6241
691               62.6241
692               62.6241
693               62.6241
694               62.6241
695               62.6241
696               62.6075
697               62.6075
698               62.6075
699               62.6075
700               62.6075
701               62.6075
702               62.5603
703               61.7475
704               61.7475
705               61.7475
706               61.7475
707               61.7475
708               61.7475
709               61.7475
710               61.7475
711               61.7023
712               61.7023
713               61.2704
714               61.2704
715               61.2704
716               61.2704
717               61.2704
718               61.2704
719               61.2704
720               61.2704
721               61.2704
722               61.2704
723               61.2704
724               61.2704
725               61.2704
726               61.2704
727               61.2704
728               61.2704
729               61.2704
730               61.2704
731               61.2252
732               61.2252
733               61.2252
734               61.2252
735               61.2252
736               61.2252
737               61.2252
738               61.2252
739               61.2252
740               61.2252
741               61.2252
742                60.748
743               60.3365
744               60.3365
745               60.3365
746               60.3365
747               60.3365
748               60.3365
749               60.3365
750               60.3365
751               59.8133
752               59.8133
753               59.8133
754               59.8133
755               59.8133
756               59.8133
757               59.8133
758               59.8133
759               59.8133
760               59.8133
761               59.8133
762               59.8133
763               59.8133
764               59.8133
765               59.8133
766               59.8133
767               59.8133
768               59.8133
769               59.8133
770               59.8133
771               59.8133
772               59.8133
773               59.8133
774               59.8133
775               59.8133
776               59.8133
777               59.8133
778               59.8133
779               59.8133
780               59.8133
781               59.8133
782               59.8133
783               59.8133
784               59.8133
785               59.7106
786               59.5622
787               59.5622
788               59.5622
789               59.5622
790               59.5622
791               59.4595
792               59.4595
793               59.4595
794               59.4595
795               59.4595
796               59.4595
797               59.4595
798               59.4595
799               59.4595
800               59.4595
801               59.4595
802               59.4595
803               59.4595
804               59.4595
805               59.4595
806               59.4595
807               59.4595
808               59.4595
809               59.4595
810               59.4595
811               59.4595
812               59.4595
813               59.4595
814               59.4595
815               59.4595
816               59.4595
817               59.4595
818               59.4595
819               59.4595
820               59.4595
821               59.4595
822               59.4595
823               59.4595
824               59.4595
825               59.4595
826               59.4595
827               59.4595
828               59.4595
829               59.4232
830               59.4431
831               59.4431
832               59.4431
833               59.4431
834               59.4431
835               59.4431
836               59.4431
837               59.4431
838               59.4431
839               59.4431
840               59.4431
841               59.2409
842               59.2409
843               59.2409
844               59.2409
845               59.2409
846               59.2409
847               59.2409
848               59.2409
849               59.2409
850               59.2409
851               59.1606
852               59.1606
853               58.9946
854               58.9946
855               58.9946
856               58.9946
857               58.9946
858               58.9946
859               58.9946
860               58.9946
861               58.9946
862               58.7435
863               58.7435
864               58.7435
865               58.7435
866               58.7435
867               58.7435
868               58.7435
869               58.7435
870               58.7435
871               58.7435
872               58.7435
873               58.7435
874               58.7435
875               58.7435
876               58.7435
877               58.3225
878               58.3225
879               58.3225
880               58.3225
881               58.3225
882               58.3225
883               58.3225
884               58.3225
885               58.3225
886               58.3225
887               58.3225
888               58.3225
889               58.3225
890               58.3225
891               58.3225
892               58.3225
893               58.3225
894               58.3225
895               58.3225
896               58.3225
897               58.3225
898               58.3225
899               58.3225
900               58.3225
901               58.3225
902               58.3225
903               58.3225
904               58.3225
905               58.3225
906               58.3225
907               58.3225
908               58.3225
909               58.3225
910               58.3225
911               58.3225
912               58.3225
913               58.3225
914               58.3225
915               58.3225
916               58.3225
917               58.3225
918               58.3225
919               58.3225
920               58.3225
921               58.3225
922               58.3225
923               58.3225
924               58.3225
925               58.3225
926               58.3225
927               58.3225
928               58.3225
929               58.3225
930               58.3225
931               58.3225
932               58.3225
933               58.3225
934               58.3225
935               58.3225
936               58.3225
937               58.3225
938               58.3225
939               58.3225
940               58.3225
941               58.3225
942               58.3225
943               58.3225
944               58.3225
945               58.3225
946               58.3225
947               58.3225
948               58.3225
949               58.3225
950               58.3225
951               58.3225
952               58.3225
953               58.3225
954               58.3225
955               58.3225
956               58.3225
957               58.3225
958               58.3225
959               58.3225
960               58.3225
961               58.3225
962               58.3225
963               58.3225
964               58.3225
965               58.3225
966               58.3225
967               58.3225
968               58.3225
969               58.3225
970               58.3225
971               58.3225
972               58.3225
973               58.3225
974               58.3225
975               58.3225
976               58.3225
977               58.3225
978               58.3225
979               58.3225
980               58.3225
981               58.3225
982               58.3225
983               58.3225
984               58.3225
985               58.3225
986               58.3225
987               58.3225
988               58.3225
989               58.3225
990               58.3225
991               58.3225
992               58.3225
993               58.3225
994               58.3225
995               58.3225
996               58.3225
997               58.3225
998               58.3225
999               58.3225
1000               58.3225
1001               58.3225
1002               58.3225
1003               58.3225
1004               58.3225
1005               58.3225
1006               58.3225
1007               58.3225
1008               58.3225
1009               58.3225
1010               58.3225
1011               58.3225
1012               58.3225
1013               58.3225
1014               58.3225
1015               58.3225
1016               58.3225
1017               58.3225
1018               58.3225
1019               58.3225
1020               58.3225
1021               58.3225
1022               58.3225
1023               58.3225
1024               58.3225
1025               58.3225
1026               58.3225
1027               58.3225
1028               58.3225
1029               58.3225
1030               58.3225
1031               58.3225
1032               58.3225
1033               58.3225
1034               58.3225
1035               58.3225
1036               58.3225
1037               58.3225
1038               58.3225
1039               58.3225
1040               58.3225
1041               58.3225
1042               58.3225
1043               58.3225
1044               58.3225
1045               58.3225
1046               58.3225
1047               58.3225
1048               58.3225
1049               58.3225
1050               58.3225
1051               58.3225
1052               58.3225
1053               58.3225
1054               58.3225
1055               58.3225
1056               58.3225
1057               58.3225
1058               58.3225
1059               58.3225
1060               58.3225
1061               58.3225
1062               58.3225
1063               58.3225
1064               58.3225
1065               58.3225
1066               58.3225
1067               58.3225
1068               58.3225
1069               58.3225
1070               58.3225
1071               58.3225
1072               58.3225
1073               58.3225
1074               58.3225
1075               58.3225
1076               58.3225
1077               58.3225
1078               58.3225
1079               58.3225
1080               58.3225
1081               58.3225
1082               58.3225
1083               58.3225
1084               58.3225
1085               58.3225
1086               58.3225
1087               58.3225
1088               58.3225
1089               58.3225
1090               58.3225
1091               58.3225
1092               58.3225
1093               58.3225
1094               58.3225
1095               58.3225
1096               58.3225
1097               58.3225
1098               58.3225
1099               58.3225
1100               58.3225
1101               58.3225
1102               58.3225
1103               58.3225
1104               58.3225
1105               57.9117
1106               57.9117
1107               57.9117
1108               57.9117
1109               57.9117
1110               57.9117
1111               57.9117
1112               57.9117
1113               57.9117
1114               57.9117
1115               57.9117
1116               57.9117
1117               57.9117
1118               57.9117
1119               57.9117
1120               57.9117
1121               57.9117
1122               57.9117
1123               57.9117
1124               57.9117
1125               57.9117
1126               57.9117
1127               57.9117
1128               57.9117
1129               57.9117
1130               57.9117
1131               57.9117
1132               57.9117
1133               57.9117
1134               57.9117
1135               57.9117
1136               57.9117
1137               57.9117
1138               57.9117
1139               57.9117
1140               57.9117
1141               57.9117
1142               57.9117
1143               57.9117
1144               57.9117
1145               57.9117
1146               57.9117
1147               57.9117
1148               57.9117
1149               57.9117
1150               57.9117
1151               57.9117
1152               57.9117
1153               57.9117
1154               57.9117
1155               57.9117
1156               57.9117
1157               57.9117
1158               57.9117
1159               57.9117
1160               57.9117
1161               57.9117
1162               57.9117
1163               57.9117
1164               57.9117
1165               57.9117
1166               57.9117
1167               57.9117
1168               57.9117
1169               57.9117
1170               57.9117
1171               57.9117
1172               57.9117
1173               57.9117
1174               57.9117
1175               57.9117
1176               57.9117
1177               57.9117
1178               57.9117
1179               57.9117
1180               57.9117
1181               57.9117
1182               57.9117
1183               57.9117
1184               57.9117
1185               57.9117
1186               57.9117
1187               57.9117
1188               57.9117
1189               57.9117
1190               57.9117
1191               57.9117
1192               57.9117
1193               57.9117
1194               57.9117
1195               57.9117
1196               57.9117
1197               57.9117
1198               57.9117
1199               57.9117
1200               57.9117
1201               57.9117
1202               57.9117
1203               57.9117
1204               57.9117
1205               57.9117
1206               57.9117
1207               57.9117
1208               57.9117
1209               57.9117
1210               57.9117
1211               57.9117
1212               57.9117
1213               57.9117
1214               57.9117
1215               57.9117
1216               57.9117
1217               57.9117
1218               57.7257
1219               57.7257
1220                57.623
1221                57.623
1222                57.623
1223                57.623
1224                57.623
1225                57.623
1226                57.623
1227                57.623
1228                57.623
1229                57.623
1230                57.623
1231                57.623
1232                57.623
1233                57.623
1234                57.623
1235                57.623
1236                57.623
1237                57.623
1238                57.623
1239                57.623
1240                57.623
1241                57.623
1242                57.623
1243                57.623
1244                57.623
1245                57.623
1246                57.623
1247                57.623
1248                57.623
1249                57.623
1250                57.623
1251                57.623
1252                57.623
1253                57.623
1254                57.623
1255                57.623
1256                57.623
1257                57.623
1258                57.623
1259                57.623
1260                57.623
1261                57.623
1262                57.623
1263                57.623
1264                57.623
1265                57.623
1266                57.623
1267                57.623
1268                57.623
1269                57.623
1270                57.623
1271                57.623
1272                57.623
1273                57.623
1274                57.623
1275                57.623
1276                57.623
1277                57.623
1278                57.623
1279                57.623
1280                57.623
1281                57.623
1282                57.623
1283                57.623
1284                57.623
1285                57.623
1286                57.623
1287                57.623
1288                57.623
1289                57.623
1290                57.623
1291                57.623
1292                57.623
1293                57.623
1294                57.623
1295                57.623
1296                57.623
1297                57.623
1298                57.623
1299                57.623
1300                57.623
1301                57.623
1302                57.623
1303                57.623
1304                57.623
1305                57.623
1306                57.623
1307                57.623
1308                57.623
1309                57.623
1310                57.623
1311                57.623
1312                57.623
1313                57.623
1314                57.623
1315                57.623
1316                57.623
1317                57.623
1318                57.623
1319                57.623
1320                57.623
1321                57.623
1322                57.623
1323                57.623
1324                57.623
1325                57.623
1326                57.623
1327                57.623
1328                57.623
1329                57.623
1330                57.623
1331                57.623
1332                57.623
1333                57.623
1334                57.623
1335                57.623
1336                57.623
1337                57.623
1338                57.623
1339                57.623
1340                57.623
1341                57.623
1342                57.623
1343                57.623
1344                57.623
1345                57.623
1346                57.623
1347                57.623
1348                57.623
1349                57.623
1350                57.623
1351                57.623
1352                57.623
1353                57.623
1354                57.623
1355                57.623
1356                57.623
1357                57.623
1358                57.623
1359                57.623
1360                57.623
1361                57.623
1362                57.623
1363                57.623
1364                57.623
1365                57.623
1366                57.623
1367                57.623
1368                57.623
1369                57.623
1370                57.623
1371                57.623
1372                57.623
1373                57.623
1374                57.623
1375                57.623
1376                57.623
1377                57.623
1378                57.623
1379                57.623
1380                57.623
1381                57.623
1382                57.623
1383                57.623
1384                57.623
1385                57.623
1386                57.623
1387                57.623
1388                57.623
1389                57.623
1390                57.623
1391                57.623
1392                57.623
1393                57.623
1394                57.623
1395               57.6157
1396               57.6157
1397               57.6157
1398               57.6157
1399               57.6157
1400               57.6157
1401               57.6157
1402               57.6157
1403               57.6157
1404               57.6157
1405               57.6157
1406               57.6157
1407               57.6157
1408               57.6157
1409               57.6157
1410               57.6157
1411               57.6157
1412               57.6157
1413               57.6157
1414               57.6157
1415               57.6157
1416               57.6157
1417               57.6157
1418               57.6157
1419               57.6157
1420               57.6157
1421               57.6157
1422               57.6157
1423               57.6157
1424               57.6157
1425               57.6157
1426               57.6157
1427               57.6157
1428               57.6157
1429               57.6157
1430               57.6157
1431               57.6157
1432               57.6157
1433               57.6157
1434               57.6157
1435               57.6157
1436               57.6157
1437               57.6157
1438               57.6157
1439               57.6157
1440               57.6157
1441               57.6157
1442               57.6157
1443               57.6157
1444               57.6157
1445               57.6157
1446               57.6157
1447               57.6157
1448               57.6157
1449               57.6157
1450               57.6157
1451               57.6157
1452               57.6157
1453               57.6157
1454               57.6157
1455               57.6157
1456               57.6157
1457               57.6157
1458               57.6157
1459               57.6157
1460               57.6157
1461               57.6157
1462               57.6157
1463               57.6157
1464               57.6157
1465               57.6157
1466               57.6157
1467               57.6157
1468               57.6157
1469               57.6157
1470               57.6157
1471               57.6157
1472               57.6157
1473               57.6157
1474               57.6157
1475               57.6157
1476               57.6157
1477               57.6157
1478               57.6157
1479               57.6157
1480               57.6157
1481               57.6157
1482               57.6157
1483               57.6157
1484               57.6157
1485               57.6157
1486               57.6157
1487               57.6157
1488               57.6157
1489               57.6157
1490               57.6157
1491               57.6157
1492               57.6157
1493               57.6157
1494               57.6157
1495               57.6157
1496               57.6157
1497               57.6157
1498               57.6157
1499               57.6157
1500               57.6157
1501               57.6157
1502               57.6157
1503               57.6157
1504               57.6157
1505               57.6157
1506               57.6157
1507               57.6157
1508               57.6157
1509               57.6157
1510               57.6157
1511               57.6157
1512               57.6157
1513               57.6157
1514               57.6157
1515               57.6157
1516               57.6157
1517               57.6157
1518               57.6157
1519               57.6157
1520               57.6157
1521               57.6157
1522               57.6157
1523               57.6157
1524               57.6157
1525               57.6157
1526               57.6157
1527               57.6157
1528               57.6157
1529               57.6157
1530               57.6157
1531               57.6157
1532               57.6157
1533               57.6157
1534               57.6157
1535               57.6157
1536               57.6157
1537               57.6157
1538               57.6157
1539               57.6157
1540               57.6157
1541               57.6157
1542               57.6157
1543               57.6157
1544               57.6157
1545               57.6157
1546               57.6157
1547               57.6157
1548               57.6157
1549               57.6157
1550               57.6157
1551               57.6157
1552               57.6157
1553               57.6157
1554               57.6157
1555               57.6157
1556               57.6157
1557               57.6157
1558               57.6157
1559               57.6157
1560               57.6157
1561               57.6157
1562               57.6157
1563               57.6157
1564               57.6157
1565               57.6157
1566               57.6157
1567               57.6157
1568               57.6157
1569               57.6157
1570               57.6157
1571               57.6157
1572               57.6157
1573               57.6157
1574               57.6157
1575               57.6157
1576               57.6157
1577               57.6157
1578               57.6157
1579               57.6157
1580               57.6157
1581               57.6157
1582               57.6157
1583               57.6157
1584               57.6157
1585               57.6157
1586               57.6157
1587               57.6157
1588               57.6157
1589               57.6157
1590               57.6157
1591               57.6157
1592               57.6157
1593               57.6157
1594               57.6157
1595               57.6157
1596               57.6157
1597               57.6157
1598               57.6157
1599               57.6157
1600               57.6157
1601               57.6157
1602               57.6157
1603               57.6157
1604               57.6157
1605               57.6157
1606               57.6157
1607               57.6157
1608               57.6157
1609               57.6157
1610               57.6157
1611               57.6157
1612               57.6157
1613               57.6157
1614               57.6157
1615               57.6157
1616               57.6157
1617               57.6157
1618               57.6157
1619               57.6157
1620               57.6157
1621               57.6157
1622               57.6157
1623               57.6157
1624               57.6157
1625               57.6157
1626               57.6157
1627               57.6157
1628               57.6157
1629               57.6157
1630               57.6157
1631               57.6157
1632               57.6157
1633               57.6157
1634               57.6157
1635               57.6157
1636               57.6157
1637               57.6157
1638               57.6157
1639               57.6157
1640               57.6157
1641               57.6157
1642               57.6157
1643               57.6157
1644               57.6157
1645               57.6157
1646               57.6157
1647               57.6157
1648               57.6157
1649               57.6157
1650               57.6157
1651               57.6157
1652               57.6157
1653               57.6157
1654               57.6157
1655               57.6157
1656               57.6157
1657               57.6157
1658               57.6157
1659               57.6157
1660               57.6157
1661               57.6157
1662               57.6157
1663               57.6157
1664               57.6157
1665               57.6157
1666               57.6157
1667               57.6157
1668               57.6157
1669               57.6157
1670               57.6157
1671               57.6157
1672               57.6157
1673               57.6157
1674               57.6157
1675               57.6157
1676               57.6157
1677               57.6157
1678               57.6157
1679               57.6157
1680               57.6157
1681               57.6157
1682               57.6157
1683               57.6157
1684               57.6157
1685               57.6157
1686               57.6157
1687               57.6157
1688               57.6157
1689               57.6157
1690               57.6157
1691               57.6157
1692               57.6157
1693               57.6157
1694               57.6157
1695               57.6157
1696               57.6157
1697               57.6157
1698               57.6157
1699               57.6157
1700               57.6157
1701               57.6157
1702               57.6157
1703               57.6157
1704               57.6157
1705               57.6157
1706               57.6157
1707               57.6157
1708               57.6157
1709               57.6157
1710               57.6157
1711               57.6157
1712               57.6157
1713               57.6157
1714               57.6157
1715               57.6157
1716               57.6157
1717               57.6157
1718               57.6157
1719               57.6157
1720               57.6157
1721               57.6157
1722               57.6157
1723               57.6157
1724               57.6157
1725               57.6157
1726               57.6157
1727               57.6157
1728               57.6157
1729               57.6157
1730               57.6157
1731               57.6157
1732               57.6157
1733               57.6157
1734               57.6157
1735               57.6157
1736               57.6157
1737               57.6157
1738               57.6157
1739               57.6157
1740               57.6157
1741               57.6157
1742               57.6157
1743               57.6157
1744               57.6157
1745               57.6157
1746               57.6157
1747               57.6157
1748               57.6157
1749               57.6157
1750               57.6157
1751               57.6157
1752               57.6157
1753               57.6157
1754               57.6157
1755               57.6157
1756               57.6157
1757               57.6157
1758               57.6157
1759               57.6157
1760               57.6157
1761               57.6157
1762               57.6157
1763               57.6157
1764               57.6157
1765               57.6157
1766               57.6157
1767               57.6157
1768               57.6157
1769               57.6157
1770               57.6157
1771               57.6157
1772               57.6157
1773               57.6157
1774               57.6157
1775               57.6157
1776               57.6157
1777               57.6157
1778               57.6157
1779               57.6157
1780               57.6157
1781               57.6157
1782               57.6157
1783               57.6157
1784               57.6157
1785               57.6157
1786               57.6157
1787               57.6157
1788               57.6157
1789               57.6157
1790               57.6157
1791               57.6157
1792               57.6157
1793               57.6157
1794               57.6157
1795               57.6157
1796               57.6157
1797               57.6157
1798               57.6157
1799               57.6157
1800               57.6157
1801               57.6157
1802               57.6157
1803               57.6157
1804               57.6157
1805               57.6157
1806               57.6157
1807               57.6157
1808               57.6157
1809               57.6157
1810               57.6157
1811               57.6157
1812               57.6157
1813               57.6157
1814               57.6157
1815               57.6157
1816               57.6157
1817               57.6157
1818               57.6157
1819               57.6157
1820               57.6157
1821               57.6157
1822               57.6157
1823               57.6157
1824               57.6157
1825               57.6157
1826               57.6157
1827               57.6157
1828               57.6157
1829               57.6157
1830               57.6157
1831               57.6157
1832               57.6157
1833               57.6157
1834               57.6157
1835               57.6157
1836               57.6157
1837               57.6157
1838               57.6157
1839               57.6157
1840               57.6157
1841               57.6157
1842               57.6157
1843               57.6157
1844               57.6157
1845               57.6157
1846               57.6157
1847               57.6157
1848               57.6157
1849               57.6157
1850               57.6157
1851               57.6157
1852               57.6157
1853               57.6157
1854               57.6157
1855               57.6157
1856               57.6157
1857               57.6157
1858               57.6157
1859               57.6157
1860               57.6157
1861               57.6157
1862               57.6157
1863               57.6157
1864               57.6157
1865               57.6157
1866               57.6157
1867               57.6157
1868               57.6157
1869               57.6157
1870               57.6157
1871               57.6157
1872               57.6157
1873               57.6157
1874               57.6157
1875               57.6157
1876               57.6157
1877               57.6157
1878               57.6157
1879               57.6157
1880               57.6157
1881               57.6157
1882               57.6157
1883               57.6157
1884               57.6157
1885               57.6157
1886               57.6157
1887               57.6157
1888               57.6157
1889               57.6157
1890               57.6157
1891               57.6157
1892               57.6157
1893               57.6157
1894               57.6157
1895               57.6157
1896               57.6157
1897               57.6157
1898               57.6157
1899               57.6157
1900               57.6157
1901               57.6157
1902               57.6157
1903               57.6157
1904               57.6157
1905               57.6157
1906               57.6157
1907               57.6157
1908               57.6157
1909               57.6157
1910               57.6157
1911               57.6157
1912               57.6157
1913               57.6157
1914               57.6157
1915               57.6157
1916               57.6157
1917               57.6157
1918               57.6157
1919               57.6157
1920               57.6157
1921               57.6157
1922               57.6157
1923               57.6157
1924               57.6157
1925               57.6157
1926               57.6157
1927               57.6157
1928               57.6157
1929               57.6157
1930               57.6157
1931               57.6157
1932               57.6157
1933               57.6157
1934               57.6157
1935               57.6157
1936               57.6157
1937               57.6157
1938               57.6157
1939               57.6157
1940               57.6157
1941               57.6157
1942               57.6157
1943               57.6157
1944               57.6157
1945               57.6157
1946               57.6157
1947               57.6157
1948               57.6157
1949               57.6157
1950               57.6157
1951               57.6157
1952               57.6157
1953               57.6157
1954               57.6157
1955               57.6157
1956               57.6157
1957               57.6157
1958               57.6157
1959               57.6157
1960               57.6157
1961               57.6157
1962               57.6157
1963               57.6157
1964               57.6157
1965               57.6157
1966               57.6157
1967               57.6157
1968               57.6157
1969               57.6157
1970               57.6157
1971               57.6157
1972               57.6157
1973               57.6157
1974               57.6157
1975               57.6157
1976               57.6157
1977               57.6157
1978               57.6157
1979               57.6157
1980               57.6157
1981               57.6157
1982               57.6157
1983               57.6157
1984               57.6157
1985               57.6157
1986               57.6157
1987               57.6157
1988               57.6157
1989               57.6157
1990               57.6157
1991               57.6157
1992               57.6157
1993               57.6157
1994               57.6157
1995               57.6157
1996               57.6157
1997               57.6157
1998               57.6157
1999               57.6157
2000               57.6157
