Generazione: Migliore valore della funzione di costo: 
0                8.0364
1               7.63506
2               7.40536
3               6.23865
4               6.23865
5               6.23865
6               6.23865
7               5.80813
8               5.57644
9                5.5447
10               4.98044
11               5.30963
12               5.11791
13               4.58085
14               4.01809
15               4.24569
16               4.24569
17               3.96786
18               4.25417
19               4.06359
20               4.06359
21               4.09715
22               4.06359
23               4.06359
24               4.06359
25               4.06005
26               3.98368
27                3.8639
28                3.8439
29                3.8439
30                3.8439
31               3.71896
32               3.65269
33               3.52947
34                3.6368
35               3.34716
36               3.15644
37               3.15644
38               3.15644
39               3.15644
40               3.11284
41               3.14796
42               2.99643
43               2.99643
44               2.99643
45               2.92801
46               2.92801
47               2.91179
48               2.80574
49                 2.798
50                 2.798
51                 2.798
52                 2.798
53                 2.798
54               2.79063
55               2.79063
56               2.79063
57               2.70837
58               2.70837
59               2.70837
60               2.69548
61               2.69548
62               2.66619
63               2.70837
64               2.70837
65               2.67379
66               2.69222
67               2.69222
68               2.67686
69               2.66619
70               2.60615
71               2.60615
72               2.60084
73               2.59795
74               2.59795
75               2.59795
76               2.59795
77               2.58085
78               2.58085
79               2.58085
80               2.57554
81                2.4955
82               2.57554
83               2.50579
84               2.50579
85               2.50579
86               2.50579
87               2.48115
88               2.48115
89               2.48115
90               2.50048
91               2.49086
92               2.49086
93               2.40854
94               2.49086
95               2.40323
96               2.41091
97               2.41091
98                 2.342
99                 2.342
100               2.27387
101               2.27387
102               2.27387
103               2.27387
104               2.27387
105               2.27387
106               2.21879
107               2.21879
108               2.21879
109               2.27387
110               2.27387
111               2.22129
112               2.21879
113               2.21879
114               2.21879
115               2.21879
116               2.21879
117               2.21879
118               2.21879
119               2.21879
120               2.21879
121               2.21879
122               2.21879
123               2.21879
124               2.20448
125               2.20448
126               2.11283
127               2.11283
128               2.11283
129               2.11283
130               2.11283
131               2.11283
132               2.11283
133               2.11283
134               2.11283
135               2.11283
136               2.11283
137               2.11283
138               2.11283
139               2.11283
140               2.11283
141               2.11283
142               2.11283
143               2.11283
144               2.11283
145               2.11283
146               2.11283
147               2.11283
148               2.11283
149               2.06086
150               2.11283
151               2.08388
152               2.08388
153               2.08388
154               1.93958
155               1.93958
156               1.93958
157               1.93958
158               1.82403
159               1.82403
160               1.82403
161               1.82403
162               1.82403
163               1.82403
164               1.82403
165               1.82403
166               1.82403
167               1.82872
168               1.82872
169               1.82872
170               1.82872
171               1.82872
172               1.82403
173               1.82403
174               1.80465
175               1.80465
176               1.80465
177               1.77017
178               1.77017
179                1.7617
180                1.7617
181                1.7617
182               1.73466
183               1.73466
184               1.73466
185               1.74324
186               1.74324
187               1.74324
188               1.74324
189               1.74324
190               1.74324
191               1.74324
192               1.74512
193               1.74324
194               1.74324
195               1.73466
196               1.67132
197               1.67132
198               1.74324
199               1.74324
200               1.74324
201               1.73466
202               1.74324
203               1.74324
204               1.66876
205               1.70688
206               1.70688
207               1.73573
208               1.68758
209               1.62424
210               1.60925
211               1.60925
212               1.60925
213               1.60925
214               1.60925
215               1.60925
216               1.63385
217               1.63385
218               1.63222
219               1.63804
220               1.62761
221               1.63804
222               1.63804
223               1.56929
224               1.65631
225               1.65631
226               1.64852
227               1.63743
228               1.63743
229               1.59269
230               1.56468
231               1.56929
232               1.56468
233               1.54953
234               1.54492
235               1.54492
236               1.54492
237               1.54492
238               1.54492
239               1.54492
240               1.54492
241               1.54024
242               1.47731
243               1.45194
244               1.45194
245               1.45194
246               1.45194
247               1.45194
248               1.45194
249               1.45194
250               1.45194
251               1.45194
252               1.45194
253               1.43149
254               1.43149
255               1.43021
256               1.43021
257               1.43021
258               1.40637
259               1.40176
260               1.33272
261               1.33272
262               1.33272
263               1.33272
264               1.33272
265               1.33272
266               1.31587
267               1.31587
268               1.31587
269               1.31587
270               1.31587
271               1.31587
272               1.31587
273               1.31587
274               1.31587
275               1.31587
276               1.30843
277               1.30843
278               1.30843
279               1.30843
280               1.30843
281               1.30843
282               1.30515
283               1.30515
284               1.30515
285               1.30515
286               1.30515
287               1.30515
288               1.30515
289               1.30515
290               1.30515
291               1.30515
292               1.30515
293               1.30515
294               1.30515
295               1.29499
296               1.30515
297               1.30515
298               1.30515
299               1.30515
300               1.30515
301               1.30515
302               1.30515
303               1.30515
304               1.30515
305               1.30515
306               1.30515
307               1.30515
308               1.30515
309               1.30515
310               1.30515
311               1.30515
312               1.30515
313               1.30515
314               1.30515
315               1.30515
316               1.30515
317               1.30515
318               1.30515
319               1.30515
320               1.30515
321               1.30515
322               1.30515
323               1.30515
324               1.29984
325               1.30515
326               1.30515
327               1.30515
328               1.30515
329               1.29265
330               1.29265
331               1.29265
332               1.23279
333               1.23279
334               1.23279
335               1.23279
336               1.23279
337               1.23279
338               1.23279
339               1.23279
340               1.23279
341               1.23279
342               1.23279
343               1.23279
344               1.23279
345               1.23279
346               1.23279
347               1.23279
348               1.23279
349               1.23279
350               1.23279
351               1.23279
352               1.23279
353               1.23279
354               1.23279
355               1.23279
356               1.23279
357               1.23279
358               1.23279
359               1.23279
360               1.23279
361               1.23279
362               1.23279
363               1.23279
364               1.23279
365               1.23279
366               1.23279
367               1.23279
368               1.23279
369               1.23279
370               1.23279
371               1.23279
372               1.23279
373               1.23279
374               1.23279
375               1.23279
376               1.23279
377               1.23279
378               1.23279
379               1.23279
380               1.23279
381               1.23279
382               1.23279
383               1.23279
384               1.23279
385               1.23279
386               1.23279
387               1.23279
388               1.23279
389               1.23279
390               1.23279
391               1.23279
392               1.23279
393               1.23279
394               1.23279
395               1.23279
396               1.23279
397               1.23279
398               1.23279
399               1.23279
400               1.23279
401               1.23279
402               1.23279
403               1.23279
404               1.23279
405               1.23279
406               1.23279
407               1.23279
408               1.23279
409               1.23279
410               1.23279
411               1.23279
412               1.23279
413               1.23279
414               1.23279
415               1.23279
416               1.23279
417               1.23279
418               1.23279
419               1.23279
420               1.23279
421               1.23279
422               1.23279
423               1.23279
424               1.23279
425               1.23279
426               1.23279
427               1.23279
428               1.23279
429               1.23279
430               1.23279
431               1.23279
432               1.23279
433               1.23279
434               1.23279
435               1.23279
436               1.23279
437               1.23279
438               1.23279
439               1.23279
440               1.23279
441               1.23279
442               1.23279
443               1.23279
444               1.23279
445               1.23279
446               1.23279
447               1.23279
448               1.23279
449               1.23279
450               1.23279
451               1.23279
452               1.23279
453               1.23279
454               1.23279
455               1.23279
456               1.23279
457               1.23279
458               1.23279
459               1.23279
460               1.23279
461               1.23279
462               1.23279
463               1.23279
464               1.23279
465               1.23279
466               1.23279
467               1.23279
468               1.23279
469               1.23279
470               1.23279
471               1.23279
472               1.23279
473               1.23279
474               1.23279
475               1.23279
476               1.23279
477               1.23279
478               1.23279
479               1.23279
480               1.23279
481               1.23279
482               1.23279
483               1.23279
484               1.23279
485               1.23279
486               1.23279
487               1.23279
488               1.23279
489               1.23279
490               1.23279
491               1.23279
492               1.23279
493               1.21442
494               1.21442
495               1.21442
496               1.21442
497               1.21442
498               1.21442
499               1.21442
500               1.21442
501               1.21442
502               1.21442
503               1.21442
504               1.21442
505               1.21442
506               1.21442
507               1.21442
508               1.21442
509               1.21442
510               1.21442
511               1.21442
512               1.21442
513               1.21442
514               1.21442
515               1.21442
516               1.21442
517               1.21442
518               1.21442
519               1.21442
520               1.21442
521               1.21442
522               1.21442
523               1.21442
524               1.21442
525               1.21442
526               1.21442
527               1.21442
528               1.21442
529               1.21442
530               1.21442
531               1.21442
532               1.21442
533               1.21442
534               1.21442
535               1.21442
536               1.21442
537               1.21442
538               1.21442
539               1.21442
540               1.21442
541               1.21442
542               1.21442
543               1.21442
544               1.21442
545               1.21442
546               1.21442
547               1.21442
548               1.21442
549               1.21442
550               1.21442
551               1.21442
552               1.21442
553               1.21442
554               1.21442
555               1.21442
556               1.21442
557               1.21442
558               1.21442
559               1.21442
560               1.21442
561               1.21442
562               1.21442
563               1.21442
564               1.21442
565               1.21442
566               1.21442
567               1.21442
568               1.21442
569               1.21442
570               1.21442
571               1.21442
572               1.21442
573               1.21442
574               1.21442
575               1.21442
576               1.21442
577               1.21442
578               1.21442
579               1.21442
580               1.21442
581               1.21442
582               1.21442
583               1.21442
584               1.21442
585               1.21442
586               1.21442
587               1.21442
588               1.21442
589               1.21442
590               1.21442
591               1.21442
592               1.21442
593               1.21442
594               1.21442
595               1.21442
596               1.21442
597               1.21442
598               1.21442
599               1.21442
600               1.21442
601               1.21442
602               1.21442
603               1.21442
604               1.21442
605               1.21442
606               1.21442
607               1.21442
608               1.21442
609               1.21442
610               1.21442
611               1.21442
612               1.21442
613               1.21442
614               1.21442
615               1.21442
616               1.21442
617               1.21442
618               1.21442
619               1.21442
620               1.21442
621               1.21442
622               1.21442
623               1.21442
624               1.21442
625               1.21442
626               1.21442
627               1.21442
628               1.21442
629               1.21442
630               1.21442
631               1.21442
632               1.21442
633               1.21442
634               1.21442
635               1.21442
636               1.21442
637               1.21442
638               1.21442
639               1.21442
640               1.21442
641               1.21442
642               1.21442
643               1.21442
644               1.21442
645               1.21442
646               1.21442
647               1.21442
648               1.21442
649               1.21442
650               1.21442
651               1.21442
652               1.21442
653               1.21442
654               1.21442
655               1.21442
656               1.21442
657               1.21442
658               1.21442
659               1.21442
660               1.21442
661               1.21442
662               1.21442
663               1.21442
664               1.21442
665               1.21442
666               1.21442
667               1.21442
668               1.21442
669               1.21442
670               1.21442
671               1.21442
672               1.21442
673               1.21442
674               1.21442
675               1.21442
676               1.21442
677               1.21442
678               1.21442
679               1.21442
680               1.21442
681               1.21442
682               1.21442
683               1.21442
684               1.21442
685               1.21442
686               1.21442
687               1.21442
688               1.21442
689               1.21442
690               1.21442
691               1.21442
692               1.21442
693               1.21442
694               1.21442
695               1.21442
696               1.21442
697               1.21442
698               1.21442
699               1.21442
700               1.21442
701               1.21442
702               1.21442
703               1.21442
704               1.21442
705               1.21442
706               1.21442
707               1.21442
708               1.21442
709               1.21442
710               1.21442
711               1.21442
712               1.21442
713               1.21442
714               1.21442
715               1.21442
716               1.21442
717               1.21442
718               1.21442
719               1.21442
720               1.21442
721               1.21442
722               1.21442
723               1.21442
724               1.21442
725               1.21442
726               1.21442
727               1.21442
728               1.21442
729               1.21442
730               1.21442
731               1.21442
732               1.21442
733               1.21442
734               1.21442
735               1.21442
736               1.21442
737               1.21442
738               1.21442
739               1.21442
740               1.21442
741               1.21442
742               1.21442
743               1.21442
744               1.21442
745               1.21442
746               1.21442
747               1.21442
748               1.21442
749               1.21442
750               1.21442
751               1.21442
752               1.21442
753               1.21442
754               1.21442
755               1.21442
756               1.21442
757               1.21442
758               1.21442
759               1.21442
760               1.21442
761               1.21442
762               1.21442
763               1.21442
764               1.21442
765               1.21442
766               1.21442
767               1.21442
768               1.21442
769               1.21442
770               1.21442
771               1.21442
772               1.21442
773               1.21442
774               1.21442
775               1.21442
776               1.21442
777               1.21442
778               1.21442
779               1.21442
780               1.21442
781               1.21442
782               1.21442
783               1.21442
784               1.21442
785               1.21442
786               1.21442
787               1.21442
788               1.21442
789               1.21442
790               1.21442
791               1.21442
792               1.21442
793               1.21442
794               1.21442
795               1.21442
796               1.21442
797               1.21442
798               1.21442
799               1.21442
800               1.21442
801               1.21442
802               1.21442
803               1.21442
804               1.21442
805               1.21442
806               1.21442
807               1.21442
808               1.21442
809               1.21442
810               1.21442
811               1.21442
812               1.21442
813               1.21442
814               1.21442
815               1.21442
816               1.21442
817               1.21442
818               1.21442
819               1.21442
820               1.21442
821               1.21442
822               1.21442
823               1.21442
824               1.21442
825               1.21442
826               1.21442
827               1.21442
828               1.21442
829               1.21442
830               1.21442
831               1.21442
832               1.21442
833               1.21442
834               1.21442
835               1.21442
836               1.21442
837               1.21442
838               1.21442
839               1.21442
840               1.21442
841               1.21442
842               1.21442
843               1.21442
844               1.21442
845               1.21442
846               1.21442
847               1.21442
848               1.21442
849               1.21442
850               1.21442
851               1.21442
852               1.21442
853               1.21442
854               1.21442
855               1.21442
856               1.21442
857               1.21442
858               1.21442
859               1.21442
860               1.21442
861               1.21442
862               1.21442
863               1.21442
864               1.21442
865               1.21442
866               1.21442
867               1.21442
868               1.21442
869               1.21442
870               1.21442
871               1.21442
872               1.21442
873               1.21442
874               1.21442
875               1.21442
876               1.21442
877               1.21442
878               1.21442
879               1.21442
880               1.21442
881               1.21442
882               1.21442
883               1.21442
884               1.21442
885               1.21442
886               1.21442
887               1.21442
888               1.21442
889               1.21442
890               1.21442
891               1.21442
892               1.21442
893               1.21442
894               1.21442
895               1.21442
896               1.21442
897               1.21442
898               1.21442
899               1.21442
900               1.21442
901               1.21442
902               1.21442
903               1.21442
904               1.21442
905               1.21442
906               1.21442
907               1.21442
908               1.21442
909               1.21442
910               1.21442
911               1.21442
912               1.21442
913               1.21442
914               1.21442
915               1.21442
916               1.21442
917               1.21442
918               1.21442
919               1.21442
920               1.21442
921               1.21442
922               1.21442
923               1.21442
924               1.21442
925               1.21442
926               1.21442
927               1.21442
928               1.21442
929               1.21442
930               1.21442
931               1.21442
932               1.21442
933               1.21442
934               1.21442
935               1.21442
936               1.21442
937               1.21442
938               1.21442
939               1.21442
940               1.21442
941               1.21442
942               1.21442
943               1.21442
944               1.21442
945               1.21442
946               1.21442
947               1.21442
948               1.21442
949               1.21442
950               1.21442
951               1.21442
952               1.21442
953               1.21442
954               1.21442
955               1.21442
956               1.21442
957               1.21442
958               1.21442
959               1.21442
960               1.21442
961               1.21442
962               1.21442
963               1.21442
964               1.21442
965               1.21442
966               1.21442
967               1.21442
968               1.21442
969               1.21442
970               1.21442
971               1.21442
972               1.21442
973               1.21442
974               1.21442
975               1.21442
976               1.21442
977               1.21442
978               1.21442
979               1.21442
980               1.21442
981               1.21442
982               1.21442
983               1.21442
984               1.21442
985               1.21442
986               1.21442
987               1.21442
988               1.21442
989               1.21442
990               1.21442
991               1.21442
992               1.21442
993               1.21442
994               1.21442
995               1.21442
996               1.21442
997               1.21442
998               1.21442
999               1.21442
1000               1.21442
