Generazione:      Media: 
0               55.1592
1               52.6364
2                49.415
3               45.1304
4               42.1179
5               36.0865
6               33.6989
7               33.2865
8               33.2577
9                32.958
10               32.1003
11                31.053
12               30.9198
13               30.7719
14               30.1354
15               29.1476
16               28.3331
17               27.2757
18               26.8212
19               27.0178
20               28.2769
21               27.0385
22               26.1357
23               25.6221
24               24.7962
25               24.0317
26               24.6118
27                23.396
28               22.2842
29               20.4916
30               19.6514
31               16.2874
32               15.7158
33               16.0693
34               16.9112
35               16.5845
36                16.861
37               16.4441
38               17.6079
39               17.4351
40               16.6344
41               15.5225
42               15.4704
43               16.1799
44               16.4612
45               16.0925
46               16.6891
47               16.1335
48                15.222
49               13.7832
50               13.9263
51               13.2954
52               13.3302
53               12.9598
54               12.9318
55               14.0343
56                13.745
57               14.0428
58                14.125
59                13.911
60               12.9678
61               11.2845
62               11.2941
63               10.6745
64               10.4712
65               10.4226
66               9.98422
67               9.55718
68               10.2668
69               10.2975
70               9.94493
71               9.21626
72               9.47332
73               9.52521
74               9.55081
75               9.09964
76               9.36824
77               9.78768
78               9.52175
79               9.74781
80               9.99369
81               8.21619
82               8.21888
83                8.1055
84                8.8622
85               8.63057
86               8.63241
87               8.46751
88               8.46474
89               8.33722
90               8.51728
91               6.90341
92               6.71683
93               7.05969
94               7.16877
95               7.40234
96               7.15816
97               6.93924
98               7.44407
99               7.12248
100               7.12942
101                5.8825
102               5.96691
103               5.56908
104               5.76055
105               6.01105
106                6.8894
107               6.53962
108               6.81387
109               5.67816
110               6.24869
111               6.09294
112               6.50889
113               6.03107
114               6.02711
115               5.97787
116               6.17062
117               6.85569
118               6.38863
119               6.23099
120               6.07487
121               5.61347
122               4.67874
123               4.76159
124               4.84344
125               4.58869
126               5.16666
127               4.95513
128               5.14045
129               4.52618
130               4.70487
131               5.10406
132               5.24036
133               4.94645
134               5.13567
135               4.98274
136               4.46887
137               4.52411
138               4.24497
139               4.88721
140               5.09547
141                4.1839
142               4.63528
143               4.60066
144               4.47984
145               4.57182
146               5.55675
147               5.06765
148               4.82417
149                4.5279
150               4.33186
151               3.44948
152               3.57952
153               3.78176
154               3.77225
155                3.5889
156               3.72225
157               3.80644
158               4.19017
159               4.22418
160               4.23604
161               3.61771
162               3.57582
163               4.00467
164               3.52388
165               3.85065
166               3.73875
167               3.66375
168               3.72072
169               3.78753
170               3.82556
171               3.45483
172                3.1907
173               3.32689
174               3.44101
175               3.00552
176               3.67477
177               3.74915
178               4.13211
179               3.54296
180               3.61318
181               3.15235
182               3.02421
183               2.91864
184               3.79483
185               3.18849
186               3.55118
187               3.35202
188               3.12845
189               3.19646
190               3.19603
191               2.49972
192               2.88138
193               2.88167
194               2.54849
195               2.63753
196               2.96086
197               3.14228
198               2.92875
199               2.70521
200               3.05875
201               2.63935
202               2.53849
203                3.1907
204               2.86141
205               2.86764
206               3.36711
207               3.53321
208               4.16322
209               3.80344
210               3.30293
211               2.49958
212               2.45874
213               2.61918
214               2.58827
215               2.95258
216               3.27698
217               3.83492
218               3.58512
219               3.06553
220               3.25583
221               2.85572
222               3.08754
223               3.02924
224                2.5948
225               2.54814
226               2.72744
227               3.12931
228               2.75778
229               3.01763
230               2.95834
231               2.44409
232               2.31651
233               2.95308
234               2.66718
235               2.63499
236               4.04848
237               3.54008
238                 3.196
239                3.4024
240               2.83898
241               2.23241
242                2.4174
243               3.04685
244               3.18054
245               3.09626
246               3.13334
247               3.00541
248               3.23312
249               3.55989
250               3.15177
251               2.81701
252               2.47877
253                2.6592
254                2.7188
255               2.99065
256               2.74003
257               2.52773
258               2.72624
259               3.26709
260               3.76543
261               2.76914
262               3.06254
263               3.30001
264               3.52412
265               3.49655
266               3.01141
267               4.07518
268               3.34794
269               3.58093
270               3.46867
271               2.83749
272               2.91012
273               2.72286
274               3.38294
275               3.25242
276               3.42925
277               3.22247
278               2.75706
279               2.75749
280               2.31625
281               2.46828
282               2.96403
283               2.93689
284               3.01406
285               3.24398
286               2.51208
287               3.48651
288               3.16975
289               3.02919
290               3.02525
291               2.53362
292               2.75945
293               3.05131
294               3.22856
295               3.65449
296                3.2898
297               3.38041
298               3.25813
299               2.84333
300               3.32503
301               2.91325
302                2.9441
303               3.13951
304               3.07973
305               2.56327
306               3.00289
307               2.71983
308               2.66494
309               2.79297
310               2.63345
311               2.27275
312               2.36685
313                2.8052
314               2.85431
315               2.82907
316               2.69743
317               2.90313
318                3.2129
319               3.41323
320               3.02295
321               2.48916
322               2.56712
323               3.05432
324               3.12442
325               2.52617
326               3.21332
327               2.99819
328               3.08687
329               3.11613
330               3.45827
331               2.46158
332               2.48158
333               2.64271
334                2.7062
335               3.41177
336               2.93691
337               3.12644
338                2.9577
339               2.80471
340               2.53678
341               2.24115
342               2.46186
343               2.32027
344               2.57816
345               2.64516
346               2.52885
347               2.48738
348                3.1598
349               2.59768
350               3.06175
351               2.87216
352               3.09332
353               2.90981
354               2.94135
355               2.77043
356               3.11054
357               2.80277
358               2.69993
359               3.54951
360               3.11098
361               2.52423
362               2.63863
363               2.70976
364               2.96927
365               2.79906
366               3.09841
367               2.65913
368               2.89034
369               3.22573
370               3.53944
371               2.94238
372               3.35365
373               3.14126
374               3.46673
375               3.60057
376               3.91638
377               3.64261
378               3.68541
379               3.49252
380               3.07441
381                2.4228
382               2.34723
383               2.39675
384                2.7737
385               2.45341
386               2.64033
387               2.75695
388               2.89977
389               3.71839
390               3.75092
391               3.07817
392                3.1481
393               2.60886
394                2.6588
395               2.73339
396               2.55737
397               3.57417
398               3.62004
399               4.03024
400               3.42579
401               2.51646
402               2.89809
403               3.71921
404               2.89633
405               2.70335
406               2.82886
407               3.64588
408               2.72923
409               3.64356
410               3.40778
411               2.62679
412               2.60015
413                 2.424
414               2.69854
415               3.23702
416               3.02974
417               2.40453
418               2.51293
419               2.51514
420               2.87794
421                2.6175
422               2.66663
423               2.80645
424               3.19161
425               2.88711
426               3.32789
427               3.55494
428                3.1864
429               3.28383
430               3.46945
431                2.4347
432               2.37566
433               2.48616
434               3.03372
435               2.73703
436               2.79089
437                2.4886
438               2.77028
439               3.22669
440               3.72753
441               2.53554
442               2.97346
443               2.53444
444               3.16369
445               2.77519
446               2.94616
447               3.12475
448               3.14184
449               3.97198
450                3.3933
451               3.07383
452               3.11074
453               2.92821
454               3.05936
455               3.00446
456               3.28115
457               3.62466
458               3.65217
459               3.86787
460               3.37641
461               2.74895
462               2.80579
463               2.69256
464               3.29034
465                3.8267
466               4.45947
467               3.50205
468               3.64127
469               2.75409
470               2.80275
471               2.65314
472               2.80689
473               2.79188
474               3.03865
475               3.29641
476               3.21682
477               3.41561
478               3.27134
479               3.47247
480               3.83567
481               2.70867
482                2.5943
483               2.86257
484               3.57927
485               2.62562
486               2.35102
487               2.69629
488               3.13732
489               2.58273
490               2.51381
491               2.39401
492                3.1574
493               2.78807
494               3.29365
495                3.2122
496               2.91892
497               2.69153
498               2.73064
499               2.95825
500               2.64941
501               2.52898
502               2.61819
503               2.31219
504               2.25682
505               2.29223
506               2.64707
507                2.4443
508               2.76342
509               2.64329
510               2.76436
511               2.40188
512               2.68681
513                2.6792
514               2.99119
515               2.62388
516               3.25524
517               2.90385
518               3.28043
519               3.03421
520               3.12588
521               2.46253
522               2.55574
523                2.6318
524               2.80779
525               3.14408
526               3.07488
527               2.87604
528               3.21329
529               3.03882
530               2.77037
531               2.47274
532               2.99175
533                3.4152
534                3.1546
535               3.15876
536               3.06973
537               2.72716
538                2.8751
539               2.73659
540               2.88451
541               2.48028
542                2.7582
543               3.16253
544               3.75018
545                3.1764
546                3.2594
547               3.05285
548               3.15988
549               3.95447
550               3.69617
551               2.72935
552               2.91007
553               2.84932
554               2.56184
555               2.85719
556               3.12794
557               2.84906
558               2.89113
559               3.20394
560                3.1124
561                2.4151
562               2.19465
563               3.09464
564               3.41831
565                2.9501
566               3.41485
567               3.19465
568               3.02824
569               3.83205
570               3.51202
571               3.02253
572               2.61052
573                3.0408
574               2.38188
575               2.25888
576               2.42551
577               2.75598
578               3.30207
579               2.97291
580               3.91633
581                2.9041
582               2.75833
583                2.7174
584               2.89915
585               2.65653
586               3.11254
587               3.57459
588                 3.222
589               3.39465
590                3.9217
591               2.94182
592               3.15403
593               2.88329
594               3.13551
595                2.9928
596                3.0242
597               3.00476
598               2.79982
599               2.83157
600               2.45975
601                2.5814
602               2.77636
603               2.38726
604                2.4629
605               3.39008
606               3.77053
607               3.10572
608               2.56137
609               2.58565
610               2.64488
611               2.47073
612               2.71476
613               2.78749
614               2.73221
615               2.46354
616               2.98349
617               3.25306
618               2.76813
619               2.72084
620               3.15153
621               2.67803
622               2.88956
623               2.80214
624               3.15736
625               2.59151
626                2.4501
627               2.72579
628               3.05088
629               2.93846
630               2.70299
631               2.41574
632               2.71881
633               2.70435
634               2.99857
635               3.24553
636               3.06304
637               3.64798
638               4.19165
639               3.91547
640               4.18998
641               2.69392
642               2.67796
643               3.49863
644               3.12767
645               3.29356
646               3.30458
647               2.91366
648               2.41074
649               2.66273
650               2.56177
651                2.4736
652               2.70025
653               2.43007
654               2.62776
655               3.26024
656               2.74734
657               2.38966
658               2.79572
659               2.69308
660                2.9333
661               2.83401
662               3.53273
663               3.40962
664               3.50372
665               3.10622
666               3.54695
667               3.22008
668               3.60361
669                3.3942
670               3.50408
671               3.25227
672               2.79658
673               2.57578
674               2.90725
675                2.5961
676                 2.571
677               2.96414
678               3.31047
679               2.81322
680               3.13586
681                2.2761
682               2.66393
683               3.31165
684               3.86061
685               3.85652
686               3.01962
687               3.53911
688                3.3797
689                3.8207
690                3.8223
691               3.16358
692               3.21033
693               2.83709
694               3.26537
695               3.47841
696               3.53725
697               4.00834
698               3.96221
699               3.56676
700               3.81841
701                2.5191
702               2.87376
703               2.66453
704               2.70054
705               2.59686
706               3.36877
707               3.77103
708               2.93861
709               3.02079
710               3.44734
711               2.82819
712               2.82664
713                2.9379
714               2.67276
715               3.42675
716               2.64321
717               3.12796
718               3.27989
719               3.81049
720               3.65513
721               2.37688
722                2.6242
723               2.65218
724               2.55124
725               2.48243
726               3.26284
727               3.44888
728                 3.134
729               2.74539
730               3.48613
731               2.80701
732               2.72041
733               2.81689
734               3.21124
735               3.04787
736               3.24195
737               3.34155
738               3.08904
739               3.22662
740               2.92974
741                2.3318
742               2.26906
743               2.42824
744               2.51376
745               2.44907
746               2.62144
747               2.53834
748               3.06569
749               3.59404
750               2.73621
751               2.48176
752               2.91178
753               2.89011
754               2.62217
755               3.01303
756               3.78634
757                3.6128
758               3.60427
759               2.94476
760               3.16349
761               2.78746
762               2.57821
763                2.6711
764               3.06342
765               3.07118
766               3.58144
767               3.24098
768               3.34602
769               3.15633
770               2.63696
771               2.67202
772               2.92817
773               2.70192
774               2.81064
775               3.31792
776               2.90333
777               3.50816
778               3.12327
779                3.0347
780               2.90234
781               2.64847
782               2.76166
783               2.68072
784               2.79442
785               2.93521
786               2.84285
787               2.88833
788               2.39979
789               2.65471
790               3.21364
791               2.90402
792               2.39421
793               2.30527
794               2.57008
795               2.76211
796               2.39204
797               2.68749
798               3.17726
799               3.44797
800               2.62258
801                2.4625
802               2.71535
803               2.45472
804               2.72573
805                2.5808
806               2.87485
807                2.9082
808               3.18077
809               3.28627
810               3.26376
811               3.13227
812               2.88122
813               2.99345
814                3.6671
815               3.74131
816               3.14976
817               3.19329
818               4.02088
819                3.8608
820               3.74727
821                2.9012
822               3.22232
823               2.55587
824               2.61503
825               3.11562
826               2.90446
827               3.21045
828                2.9906
829                3.1055
830               2.72087
831                2.5635
832               2.78042
833                2.9082
834               2.90669
835               2.84126
836               3.54039
837               3.56415
838                3.3287
839               3.92095
840               3.61551
841               2.85106
842               2.56799
843                2.9054
844                2.7436
845               3.28526
846               2.51352
847               2.90581
848               3.22268
849               3.52479
850               3.62867
851               2.89457
852               3.39934
853               3.05584
854               3.25999
855               3.75275
856               3.46785
857               3.18374
858               3.26412
859               4.20312
860               3.25683
861               2.41763
862               2.53823
863               3.00801
864               2.71906
865               3.13773
866               3.35674
867               3.81285
868               3.27375
869               3.68505
870               3.46763
871               3.00801
872               2.77052
873                3.5839
874               3.60012
875               3.27139
876               3.62212
877               3.81821
878               3.18409
879               2.93432
880               3.37202
881               3.22396
882               2.84387
883               3.77902
884                2.9664
885               3.09212
886                3.3883
887               3.33257
888               2.91832
889                3.0224
890               2.93682
891               2.98108
892               3.96115
893               3.41363
894               3.75732
895               3.54467
896               3.34874
897               4.29228
898               4.28447
899               4.33657
900               4.27411
901               2.69298
902               3.39222
903               3.36607
904                3.6535
905               3.19385
906               3.14425
907               3.16992
908               3.03297
909               3.15608
910               3.30826
911               2.63209
912               2.47445
913               2.78891
914                2.3804
915               2.63202
916               3.18357
917               2.33743
918               2.83857
919               3.22538
920               3.05446
921               2.37444
922               2.63952
923               2.58269
924               2.80752
925               3.23662
926               3.57092
927                4.0537
928               3.76609
929               3.92243
930               4.49728
931               3.23684
932               3.03276
933               3.08739
934               3.56863
935               2.80217
936               3.04762
937               3.35397
938               3.96082
939               4.06592
940               3.68577
941               2.62045
942               3.14232
943               3.42628
944                2.8165
945               2.98373
946               2.45456
947               2.56689
948               2.79212
949               3.22799
950               3.14086
951               2.43465
952               2.68103
953               2.76089
954               2.93042
955               2.94921
956               3.57004
957               3.64255
958               3.33796
959               3.96219
960               3.67585
961               2.61686
962               2.61495
963                2.8754
964               3.00384
965               2.88439
966               3.05175
967               2.55948
968               2.91754
969               3.25176
970               3.49364
971               2.47129
972               2.46135
973               2.85589
974               2.64162
975               2.72677
976               2.66298
977               2.81168
978               2.70036
979               2.74554
980               2.65342
981               2.36645
982               2.59857
983               2.55355
984                2.3897
985               2.53558
986               2.54426
987               2.55361
988               3.44901
989               3.14536
990               3.03832
991               2.57452
992               3.13988
993               2.49175
994               2.42878
995               2.37934
996               2.64148
997               2.75153
998               2.75236
999               3.15797
1000               2.97335
