Generazione: Migliore valore della funzione di costo: 
0               6.62967
1               6.65915
2               6.65915
3               5.68946
4               6.29808
5                5.6681
6               6.20455
7               5.38387
8               5.37856
9               5.37856
10               5.37856
11               5.16097
12               4.76912
13               4.56378
14               4.56378
15               4.03526
16               4.03526
17                3.7954
18               4.02915
19                3.9811
20               3.87513
21               3.87513
22                3.8323
23               3.78738
24               3.59008
25               3.59008
26                  3.21
27               3.16197
28               3.13747
29               3.13747
30               3.12229
31                2.9256
32                2.9256
33                2.9256
34               2.92552
35               2.92552
36               2.92552
37               2.64419
38               2.83409
39                2.7043
40               2.84257
41               2.92552
42               2.92552
43               2.92552
44               2.92552
45                2.8047
46                2.8047
47                2.8047
48               2.41681
49               2.41681
50               2.41681
51               2.41681
52               2.66701
53               2.58634
54               2.52872
55               2.54364
56               2.54364
57               2.54364
58               2.44663
59               2.44663
60               2.44663
61               2.31275
62               2.31275
63               2.19742
64               2.19742
65               2.19742
66               2.31275
67               2.31275
68               2.31275
69               2.30768
70               2.30768
71               2.20614
72               2.09786
73               2.09786
74               2.09786
75               2.09786
76                2.0455
77               1.99398
78               1.99398
79               1.99398
80               1.99398
81               1.99398
82               1.99398
83               1.99398
84               1.92699
85               1.92699
86               1.92699
87               1.92699
88               1.92699
89               1.92699
90               1.92699
91               1.92699
92               1.92699
93               1.92699
94               1.92699
95               1.92699
96               1.89451
97               1.89451
98               1.69983
99               1.69983
100               1.69983
101               1.69983
102               1.69983
103               1.69983
104               1.69983
105               1.69983
106               1.69983
107               1.69983
108               1.69983
109               1.69171
110               1.69171
111               1.69171
112               1.69171
113               1.69171
114               1.69171
115               1.67522
116               1.69171
117               1.67588
118               1.67588
119               1.67588
120               1.67588
121               1.67588
122               1.67588
123               1.67588
124               1.64351
125               1.64351
126               1.64351
127               1.64351
128               1.64351
129               1.64351
130               1.64351
131               1.64351
132               1.64351
133               1.64351
134               1.55461
135               1.55058
136               1.55058
137               1.55058
138               1.55058
139               1.55058
140               1.55058
141               1.55058
142               1.55058
143               1.55058
144               1.55058
145               1.55058
146               1.55058
147               1.55058
148               1.55058
149                1.5505
150                1.5505
151                1.5505
152                1.5505
153                1.5505
154                1.5505
155                1.5505
156                1.5505
157                1.5505
158                1.5505
159                1.5505
160                1.5505
161                1.5505
162                1.5505
163                1.5505
164                1.5505
165                1.5317
166                1.5317
167                1.5317
168                1.5317
169               1.51353
170               1.51353
171               1.51353
172               1.51353
173               1.51353
174               1.51353
175               1.51353
176               1.53727
177               1.53727
178               1.53727
179               1.53727
180               1.53727
181               1.53727
182               1.53727
183               1.53727
184               1.53727
185                1.5475
186               1.57806
187               1.57806
188               1.57806
189               1.57806
190               1.57806
191               1.57806
192               1.57806
193               1.57806
194               1.57806
195               1.57344
196               1.57344
197               1.57344
198               1.55352
199               1.55352
200               1.55352
201               1.55352
202               1.55352
203               1.45117
204               1.45117
205               1.45117
206               1.45117
207               1.48512
208               1.45117
209               1.45117
210               1.45117
211               1.45117
212               1.45117
213               1.45117
214               1.45117
215               1.45117
216               1.45117
217               1.45117
218               1.45117
219               1.37197
220               1.37197
221               1.37197
222               1.37197
223               1.37197
224               1.37197
225               1.37197
226               1.37197
227               1.37197
228               1.37197
229               1.37197
230               1.37197
231               1.37197
232               1.33153
233               1.33153
234               1.33153
235               1.33153
236               1.33153
237               1.33153
238               1.33153
239               1.33153
240               1.33153
241               1.33153
242               1.33153
243               1.33153
244               1.33153
245               1.33153
246               1.33153
247               1.33153
248               1.33153
249               1.33153
250               1.33153
251               1.33153
252               1.33153
253               1.33153
254               1.33153
255               1.33153
256               1.33153
257               1.33153
258               1.33153
259               1.33153
260               1.33153
261               1.33153
262               1.33153
263               1.33153
264               1.33153
265               1.33153
266               1.33153
267               1.33153
268               1.33153
269               1.33153
270               1.32644
271               1.32644
272               1.32644
273               1.32644
274               1.32644
275               1.32644
276               1.32644
277               1.32644
278               1.31306
279               1.31306
280               1.31306
281               1.31306
282               1.31306
283               1.31306
284               1.31033
285               1.31033
286               1.31033
287               1.31033
288               1.31033
289               1.31033
290               1.31033
291               1.31033
292               1.31033
293               1.31033
294               1.31033
295               1.31033
296               1.31033
297               1.31033
298               1.31033
299               1.31033
300               1.31033
301               1.31033
302               1.31033
303               1.31033
304               1.31033
305               1.31033
306               1.31033
307               1.31033
308               1.31033
309               1.31033
310               1.31033
311               1.31033
312               1.31033
313               1.31033
314               1.31033
315               1.31033
316               1.31033
317               1.31033
318               1.31033
319               1.31033
320               1.24514
321               1.24514
322               1.20538
323               1.20538
324               1.20538
325               1.20538
326               1.20538
327               1.20538
328               1.20538
329               1.20538
330               1.20538
331               1.20538
332               1.20538
333               1.20538
334               1.20538
335               1.20538
336               1.20538
337               1.20538
338               1.20538
339               1.20538
340               1.20538
341               1.20538
342               1.20538
343               1.20538
344               1.20538
345               1.20538
346               1.20538
347               1.20538
348               1.20538
349               1.20538
350               1.20538
351               1.20538
352               1.20538
353               1.20538
354               1.20538
355               1.20538
356               1.18168
357               1.18168
358               1.18168
359               1.18168
360               1.18168
361               1.18168
362               1.18168
363               1.18168
364               1.18168
365               1.18168
366               1.18168
367               1.18168
368               1.18168
369               1.18168
370               1.18168
371               1.18168
372               1.18168
373               1.18168
374               1.18168
375               1.18168
376               1.18168
377               1.18168
378               1.18168
379               1.18168
380               1.18168
381               1.18168
382               1.18168
383               1.18168
384               1.18168
385               1.18168
386               1.18168
387               1.18168
388               1.18168
389               1.18168
390               1.18168
391               1.18168
392               1.18168
393               1.18168
394               1.18168
395               1.18168
396               1.18168
397               1.18168
398               1.18168
399               1.18168
400               1.18168
401               1.18168
402               1.18168
403               1.18168
404               1.18168
405               1.18168
406               1.18168
407               1.18168
408               1.18168
409               1.18168
410               1.18168
411               1.18168
412               1.18168
413               1.18168
414               1.18168
415               1.18168
416               1.18168
417               1.18168
418               1.18168
419               1.18168
420               1.14129
421               1.14129
422               1.14129
423               1.14129
424               1.14129
425               1.14129
426               1.14129
427               1.14129
428               1.14129
429               1.14129
430               1.14129
431               1.12768
432               1.12768
433               1.14129
434               1.12768
435               1.12768
436               1.14129
437               1.12768
438               1.12768
439               1.14129
440               1.14129
441               1.14129
442               1.14129
443               1.14129
444               1.14129
445               1.14129
446               1.14129
447               1.14129
448               1.14129
449               1.14129
450               1.14129
451               1.14129
452               1.14129
453               1.14129
454               1.14129
455               1.14129
456               1.14129
457               1.14129
458               1.14129
459               1.14129
460               1.14129
461               1.14129
462               1.14129
463               1.14129
464               1.14129
465               1.14129
466               1.14129
467               1.14129
468               1.14129
469               1.14129
470               1.14129
471               1.14129
472               1.14129
473               1.14129
474               1.14129
475               1.14129
476               1.14129
477               1.14129
478               1.14129
479               1.14129
480               1.14129
481               1.14129
482               1.14129
483               1.14129
484               1.14129
485               1.14129
486               1.14129
487               1.14129
488               1.14129
489               1.14129
490               1.14129
491               1.14129
492               1.14129
493               1.14129
494               1.14129
495               1.14129
496               1.14129
497               1.14129
498               1.14129
499               1.14129
500               1.14129
501               1.14129
502               1.14129
503               1.14129
504               1.14129
505               1.14129
506               1.14129
507               1.14129
508               1.14129
509               1.14129
510               1.14129
511               1.14129
512               1.14129
513               1.14129
514               1.14129
515               1.14129
516               1.14129
517               1.14129
518               1.14129
519               1.14129
520               1.14129
521               1.14129
522               1.14129
523               1.14129
524               1.14129
525               1.14129
526               1.14129
527               1.14129
528               1.14129
529               1.15712
530               1.22776
531               1.22776
532               1.13648
533               1.13648
534               1.13648
535               1.13648
536               1.13648
537               1.13648
538               1.13648
539               1.13648
540               1.13648
541               1.13648
542               1.13648
543               1.13648
544               1.13648
545               1.13648
546               1.13648
547               1.13648
548               1.13648
549               1.13648
550               1.13648
551               1.12124
552               1.12124
553               1.12124
554               1.11438
555               1.11438
556               1.11438
557               1.11438
558               1.11438
559               1.11438
560               1.11438
561               1.11438
562               1.11438
563               1.11438
564               1.11438
565               1.11438
566               1.11438
567               1.11438
568               1.11438
569               1.11438
570               1.11438
571               1.11438
572               1.11438
573               1.11438
574               1.11438
575               1.11438
576               1.11438
577               1.11438
578               1.11438
579               1.11438
580               1.11438
581               1.11438
582               1.11438
583               1.11438
584               1.11438
585               1.11438
586               1.11438
587               1.11438
588               1.11438
589               1.11438
590               1.11438
591               1.11438
592               1.11438
593               1.11438
594               1.11438
595               1.11438
596               1.11438
597               1.11438
598               1.11438
599               1.11438
600               1.11438
601               1.11438
602               1.11438
603               1.11438
604               1.11438
605               1.11438
606               1.11438
607               1.11438
608               1.11438
609               1.11438
610               1.11438
611               1.11438
612               1.11438
613               1.11438
614               1.11438
615               1.11438
616               1.11438
617               1.11438
618               1.11438
619               1.11438
620               1.11438
621               1.11438
622               1.11438
623               1.11438
624               1.11438
625               1.11438
626               1.11438
627               1.11438
628               1.11438
629               1.11438
630               1.11438
631               1.11438
632               1.11438
633               1.11438
634               1.11438
635               1.11438
636               1.11438
637               1.11438
638               1.11438
639               1.11438
640               1.11438
641               1.11438
642               1.11438
643               1.11438
644               1.11438
645               1.11438
646               1.11438
647               1.11438
648               1.11438
649               1.11438
650               1.11438
651               1.11438
652               1.11438
653               1.11438
654               1.11438
655               1.11438
656               1.11438
657               1.08564
658               1.08564
659               1.08564
660               1.08564
661               1.08556
662               1.08376
663               1.08376
664               1.08376
665               1.08556
666               1.08376
667               1.08376
668               1.08376
669               1.08376
670               1.08376
671               1.08376
672               1.08376
673               1.08376
674               1.08376
675               1.08376
676               1.08376
677               1.08376
678                1.0578
679                 1.056
680                1.0237
681                1.0237
682                1.0237
683                1.0237
684                1.0237
685                1.0237
686               1.01901
687               1.01901
688               1.01901
689               1.01901
690               1.01901
691               1.01901
692               1.01901
693               1.01901
694               1.01901
695               1.01901
696               1.01901
697               1.01901
698               1.01901
699               1.01901
700               1.01901
701               1.01901
702               1.01901
703               1.01901
704               1.01901
705               1.01901
706               1.01901
707               1.01901
708               1.01901
709               1.01901
710               1.01901
711               1.01901
712               1.01901
713               1.01901
714               1.01901
715               1.01901
716               1.01901
717               1.01901
718               1.01901
719               1.01901
720               1.01901
721               1.01901
722               1.01901
723               1.01901
724               1.01901
725               1.01901
726               1.01901
727               1.01901
728               1.01901
729               1.01901
730               1.01901
731               1.01901
732               1.01901
733               1.01901
734               1.01901
735               1.01901
736               1.01901
737               1.01901
738               1.01901
739               1.01901
740               1.01901
741               1.01901
742               1.01901
743               1.01901
744               1.01901
745               1.01901
746               1.01901
747               1.01901
748               1.01901
749               1.01901
750               1.01901
751               1.01901
752               1.01901
753               1.01901
754               1.01901
755               1.01901
756               1.01901
757               1.01901
758               1.01901
759               1.01901
760               1.01901
761               1.01901
762               1.01901
763               1.01901
764               1.01901
765               1.01901
766               1.01901
767               1.01901
768               1.01901
769               1.01901
770               1.01901
771               1.01901
772               1.01901
773               1.01901
774               1.01901
775               1.01901
776               1.01901
777               1.01901
778               1.01901
779               1.01901
780               1.01901
781               1.01901
782               1.01901
783               1.01901
784               1.01901
785               1.01901
786               1.01901
787               1.01901
788               1.01901
789               1.01901
790               1.01901
791               1.01901
792               1.01901
793               1.01901
794               1.01901
795               1.01901
796               1.01901
797               1.01901
798               1.01901
799               1.01901
800               1.01901
801               1.01901
802               1.01901
803               1.01901
804               1.01901
805               1.01901
806               1.01901
807               1.01901
808               1.01901
809               1.01901
810               1.01901
811               1.01901
812               1.01901
813               1.01901
814               1.01901
815               1.01901
816               1.01901
817               1.01901
818               1.01901
819               1.01901
820               1.01901
821               1.01901
822               1.01901
823               1.01901
824               1.01901
825               1.01901
826               1.01901
827               1.01901
828               1.00718
829               1.01901
830               1.01901
831               1.01901
832               1.01901
833               1.01901
834               1.01901
835               1.01901
836               1.01901
837               1.01901
838               1.01901
839               1.01901
840               1.01901
841               1.01901
842               1.01901
843               1.01901
844               1.01901
845               1.01901
846               1.01901
847               1.01901
848               1.00718
849               1.00718
850               1.00718
851               1.00718
852               1.00718
853               1.00718
854               1.00718
855               1.00718
856               1.00718
857               1.00718
858               1.00718
859               1.00718
860               1.00718
861               1.00718
862               1.00718
863               1.00718
864               1.00718
865               1.00718
866               1.00718
867               1.00718
868               1.00718
869               1.00718
870               1.00718
871               1.00718
872               1.00718
873               1.00718
874               1.00718
875               1.00718
876               1.00718
877               1.00718
878               1.00718
879               1.00718
880               1.00718
881               1.00718
882               1.00718
883               1.00718
884               1.00718
885               1.00718
886               1.00718
887               1.00718
888               1.00718
889               1.00718
890               1.00718
891               1.00718
892               1.00718
893               1.00718
894               1.00718
895               1.00718
896               1.00718
897               1.00718
898               1.00718
899               1.00718
900               1.00718
901               1.00718
902               1.00718
903               1.00718
904               1.00718
905               1.00718
906               1.00718
907               1.00718
908               1.00718
909               1.00718
910               1.00718
911               1.00718
912               1.00718
913               1.00718
914               1.00718
915               1.00718
916               1.00718
917               1.00718
918               1.00718
919               1.00718
920               1.00718
921               1.00718
922               1.00718
923               1.00718
924               1.00718
925               1.04876
926               1.04876
927               1.04876
928               1.00718
929               1.00718
930               1.00718
931               1.00718
932               1.01187
933               1.01187
934               1.00718
935               1.01187
936               1.01187
937               1.01187
938               1.00718
939               1.00718
940               1.00718
941               1.00718
942               1.00718
943               1.00718
944               1.00718
945               1.00718
946               1.00718
947               1.00718
948               1.00718
949               1.00718
950               1.00718
951               1.00718
952               1.00718
953               1.00718
954               1.00718
955               1.00718
956               1.00718
957               1.00718
958               1.00718
959               1.00718
960               1.00718
961               1.00718
962               1.00718
963               1.00718
964               1.00718
965               1.00718
966               1.00718
967               1.00718
968               1.00718
969               1.00718
970               1.00718
971               1.00718
972               1.00718
973               1.00718
974               1.00718
975               1.00718
976               1.00718
977               1.00718
978               1.00718
979               1.00718
980               1.00718
981               1.00718
982               1.00718
983               1.00718
984               1.00718
985               1.00718
986               1.00718
987               1.00718
988               1.00718
989               1.00718
990               1.00718
991               1.00718
992               1.00718
993               1.00718
994               1.00718
995               1.00718
996               1.00718
997               1.00718
998               1.00718
999               1.00718
1000               1.00718
