Generazione: Migliore valore della funzione di costo: 
0               39.7306
1               38.0224
2                32.159
3               29.8275
4               27.0767
5               24.3974
6               24.1781
7               19.9634
8               19.7797
9               19.6424
10               18.2208
11               18.2208
12               16.4346
13               16.0653
14               15.3098
15               14.3313
16               14.3313
17               11.7573
18               11.4058
19                 8.923
20                 8.923
21                7.6363
22                7.6363
23               7.54406
24               6.75562
25               5.47086
26               5.41256
27               5.08548
28               4.87959
29               4.10399
30               3.69318
31               3.66775
32               3.40682
33               3.29755
34               3.25656
35               3.21427
36                 3.105
37               2.94947
38               2.94947
39               2.94947
40               2.86532
41               2.53146
42               2.53146
43               2.41064
44               2.41064
45               2.41064
46               2.36836
47               2.34191
48               2.32936
49               2.32936
50               2.30656
51               2.27278
52               2.24735
53               2.22245
54               2.22245
55               2.22245
56               2.22245
57               2.20411
58               2.19465
59               2.19465
60               2.19465
61               2.19465
62               2.19465
63               2.19465
64               2.19465
65               2.19465
66               2.19465
67               2.19465
68               2.19465
69               2.19465
70               2.19465
71               2.19465
72               2.19465
73               2.19465
74               2.19465
75               2.19465
76               2.19465
77               2.19465
78               2.19465
79               2.19465
80               2.19465
81               2.19465
82               2.19465
83               2.19465
84               2.19465
85               2.19465
86               2.19465
87               2.19465
88               2.19465
89               2.19465
90               2.19465
91               2.19465
92               2.19465
93               2.19465
94               2.19465
95               2.19465
96               2.19465
97               2.19465
98               2.19465
99               2.19465
100               2.19465
101               2.19465
102               2.19465
103               2.19465
104               2.19465
105               2.19465
106               2.19465
107               2.19465
108               2.19465
109               2.19465
110               2.19465
111               2.19465
112               2.19465
113               2.19465
114               2.19465
115               2.19465
116               2.19465
117               2.19465
118               2.19465
119               2.19465
120               2.19465
121               2.19465
122               2.19465
123               2.19465
124               2.19465
125               2.19465
126               2.19465
127               2.19465
128               2.19465
129               2.19465
130               2.19465
131               2.19465
132               2.19465
133               2.19465
134               2.19465
135               2.19465
136               2.19465
137               2.19465
138               2.19465
139               2.19465
140               2.19465
141               2.19465
142               2.19465
143               2.19465
144               2.19465
145               2.19465
146               2.19465
147               2.19465
148               2.19465
149               2.19465
150               2.19465
151               2.19465
152               2.19465
153               2.19465
154               2.19465
155               2.19465
156               2.19465
157               2.19465
158               2.19465
159               2.19465
160               2.19465
161               2.19465
162               2.19465
163               2.19465
164               2.19465
165               2.19465
166               2.19465
167               2.19465
168               2.19465
169               2.19465
170               2.19465
171               2.19465
172               2.19465
173               2.19465
174               2.19465
175               2.19465
176               2.19465
177               2.19465
178               2.19465
179               2.19465
180               2.19465
181               2.19465
182               2.19465
183               2.19465
184               2.19465
185               2.19465
186               2.19465
187               2.19465
188               2.19465
189               2.19465
190               2.19465
191               2.19465
192               2.19465
193               2.19465
194               2.19465
195               2.19465
196               2.19465
197               2.19465
198               2.19465
199               2.19465
200               2.19465
201               2.19465
202               2.19465
203               2.19465
204               2.19465
205               2.19465
206               2.19465
207               2.19465
208               2.19465
209               2.19465
210               2.19465
211               2.19465
212               2.19465
213               2.19465
214               2.19465
215               2.19465
216               2.19465
217               2.19465
218               2.19465
219               2.19465
220               2.19465
221               2.19465
222               2.19465
223               2.19465
224               2.19465
225               2.19465
226               2.19465
227               2.19465
228               2.19465
229               2.19465
230               2.19465
231               2.19465
232               2.19465
233               2.19465
234               2.19465
235               2.19465
236               2.19465
237               2.19465
238               2.19465
239               2.19465
240               2.19465
241               2.19465
242               2.19465
243               2.19465
244               2.19465
245               2.19465
246               2.19465
247               2.19465
248               2.19465
249               2.19465
250               2.19465
251               2.19465
252               2.19465
253               2.19465
254               2.19465
255               2.19465
256               2.19465
257               2.19465
258               2.19465
259               2.19465
260               2.19465
261               2.19465
262               2.19465
263               2.19465
264               2.19465
265               2.19465
266               2.19465
267               2.19465
268               2.19465
269               2.19465
270               2.19465
271               2.19465
272               2.19465
273               2.19465
274               2.19465
275               2.19465
276               2.19465
277               2.19465
278               2.19465
279               2.19465
280               2.19465
281               2.19465
282               2.19465
283               2.19465
284               2.19465
285               2.19465
286               2.19465
287               2.19465
288               2.19465
289               2.19465
290               2.19465
291               2.19465
292               2.19465
293               2.19465
294               2.19465
295               2.19465
296               2.19465
297               2.19465
298               2.19465
299               2.19465
300               2.19465
301               2.19465
302               2.19465
303               2.19465
304               2.19465
305               2.19465
306               2.19465
307               2.19465
308               2.19465
309               2.19465
310               2.19465
311               2.19465
312               2.19465
313               2.19465
314               2.19465
315               2.19465
316               2.19465
317               2.19465
318               2.19465
319               2.19465
320               2.19465
321               2.19465
322               2.19465
323               2.19465
324               2.19465
325               2.19465
326               2.19465
327               2.19465
328               2.19465
329               2.19465
330               2.19465
331               2.19465
332               2.19465
333               2.19465
334               2.19465
335               2.19465
336               2.19465
337               2.19465
338               2.19465
339               2.19465
340               2.19465
341               2.19465
342               2.19465
343               2.19465
344               2.19465
345               2.19465
346               2.19465
347               2.19465
348               2.19465
349               2.19465
350               2.19465
351               2.19465
352               2.19465
353               2.19465
354               2.19465
355               2.19465
356               2.19465
357               2.19465
358               2.19465
359               2.19465
360               2.19465
361               2.19465
362               2.19465
363               2.19465
364               2.19465
365               2.19465
366               2.19465
367               2.19465
368               2.19465
369               2.19465
370               2.19465
371               2.19465
372               2.19465
373               2.19465
374               2.19465
375               2.19465
376               2.19465
377               2.19465
378               2.19465
379               2.19465
380               2.19465
381               2.19465
382               2.19465
383               2.19465
384               2.19465
385               2.19465
386               2.19465
387               2.19465
388               2.19465
389               2.19465
390               2.19465
391               2.19465
392               2.19465
393               2.19465
394               2.19465
395               2.19465
396               2.19465
397               2.19465
398               2.19465
399               2.19465
400               2.19465
401               2.19465
402               2.19465
403               2.19465
404               2.19465
405               2.19465
406               2.19465
407               2.19465
408               2.19465
409               2.19465
410               2.19465
411               2.19465
412               2.19465
413               2.19465
414               2.19465
415               2.19465
416               2.19465
417               2.19465
418               2.19465
419               2.19465
420               2.19465
421               2.19465
422               2.19465
423               2.19465
424               2.19465
425               2.19465
426               2.19465
427               2.19465
428               2.19465
429               2.19465
430               2.19465
431               2.19465
432               2.19465
433               2.19465
434               2.19465
435               2.19465
436               2.19465
437               2.19465
438               2.19465
439               2.19465
440               2.19465
441               2.19465
442               2.19465
443               2.19465
444               2.19465
445               2.19465
446               2.19465
447               2.19465
448               2.19465
449               2.19465
450               2.19465
451               2.19465
452               2.19465
453               2.19465
454               2.19465
455               2.19465
456               2.19465
457               2.19465
458               2.19465
459               2.19465
460               2.19465
461               2.19465
462               2.19465
463               2.19465
464               2.19465
465               2.19465
466               2.19465
467               2.19465
468               2.19465
469               2.19465
470               2.19465
471               2.19465
472               2.19465
473               2.19465
474               2.19465
475               2.19465
476               2.19465
477               2.19465
478               2.19465
479               2.19465
480               2.19465
481               2.19465
482               2.19465
483               2.19465
484               2.19465
485               2.19465
486               2.19465
487               2.19465
488               2.19465
489               2.19465
490               2.19465
491               2.19465
492               2.19465
493               2.19465
494               2.19465
495               2.19465
496               2.19465
497               2.19465
498               2.19465
499               2.19465
500               2.19465
501               2.19465
502               2.19465
503               2.19465
504               2.19465
505               2.19465
506               2.19465
507               2.19465
508               2.19465
509               2.19465
510               2.19465
511               2.19465
512               2.19465
513               2.19465
514               2.19465
515               2.19465
516               2.19465
517               2.19465
518               2.19465
519               2.19465
520               2.19465
521               2.19465
522               2.19465
523               2.19465
524               2.19465
525               2.19465
526               2.19465
527               2.19465
528               2.19465
529               2.19465
530               2.19465
531               2.19465
532               2.19465
533               2.19465
534               2.19465
535               2.19465
536               2.19465
537               2.19465
538               2.19465
539               2.19465
540               2.19465
541               2.19465
542               2.19465
543               2.19465
544               2.19465
545               2.19465
546               2.19465
547               2.19465
548               2.19465
549               2.19465
550               2.19465
551               2.19465
552               2.19465
553               2.19465
554               2.19465
555               2.19465
556               2.19465
557               2.19465
558               2.19465
559               2.19465
560               2.19465
561               2.19465
562               2.19465
563               2.19465
564               2.19465
565               2.19465
566               2.19465
567               2.19465
568               2.19465
569               2.19465
570               2.19465
571               2.19465
572               2.19465
573               2.19465
574               2.19465
575               2.19465
576               2.19465
577               2.19465
578               2.19465
579               2.19465
580               2.19465
581               2.19465
582               2.19465
583               2.19465
584               2.19465
585               2.19465
586               2.19465
587               2.19465
588               2.19465
589               2.19465
590               2.19465
591               2.19465
592               2.19465
593               2.19465
594               2.19465
595               2.19465
596               2.19465
597               2.19465
598               2.19465
599               2.19465
600               2.19465
601               2.19465
602               2.19465
603               2.19465
604               2.19465
605               2.19465
606               2.19465
607               2.19465
608               2.19465
609               2.19465
610               2.19465
611               2.19465
612               2.19465
613               2.19465
614               2.19465
615               2.19465
616               2.19465
617               2.19465
618               2.19465
619               2.19465
620               2.19465
621               2.19465
622               2.19465
623               2.19465
624               2.19465
625               2.19465
626               2.19465
627               2.19465
628               2.19465
629               2.19465
630               2.19465
631               2.19465
632               2.19465
633               2.19465
634               2.19465
635               2.19465
636               2.19465
637               2.19465
638               2.19465
639               2.19465
640               2.19465
641               2.19465
642               2.19465
643               2.19465
644               2.19465
645               2.19465
646               2.19465
647               2.19465
648               2.19465
649               2.19465
650               2.19465
651               2.19465
652               2.19465
653               2.19465
654               2.19465
655               2.19465
656               2.19465
657               2.19465
658               2.19465
659               2.19465
660               2.19465
661               2.19465
662               2.19465
663               2.19465
664               2.19465
665               2.19465
666               2.19465
667               2.19465
668               2.19465
669               2.19465
670               2.19465
671               2.19465
672               2.19465
673               2.19465
674               2.19465
675               2.19465
676               2.19465
677               2.19465
678               2.19465
679               2.19465
680               2.19465
681               2.19465
682               2.19465
683               2.19465
684               2.19465
685               2.19465
686               2.19465
687               2.19465
688               2.19465
689               2.19465
690               2.19465
691               2.19465
692               2.19465
693               2.19465
694               2.19465
695               2.19465
696               2.19465
697               2.19465
698               2.19465
699               2.19465
700               2.19465
701               2.19465
702               2.19465
703               2.19465
704               2.19465
705               2.19465
706               2.19465
707               2.19465
708               2.19465
709               2.19465
710               2.19465
711               2.19465
712               2.19465
713               2.19465
714               2.19465
715               2.19465
716               2.19465
717               2.19465
718               2.19465
719               2.19465
720               2.19465
721               2.19465
722               2.19465
723               2.19465
724               2.19465
725               2.19465
726               2.19465
727               2.19465
728               2.19465
729               2.19465
730               2.19465
731               2.19465
732               2.19465
733               2.19465
734               2.19465
735               2.19465
736               2.19465
737               2.19465
738               2.19465
739               2.19465
740               2.19465
741               2.19465
742               2.19465
743               2.19465
744               2.19465
745               2.19465
746               2.19465
747               2.19465
748               2.19465
749               2.19465
750               2.19465
751               2.19465
752               2.19465
753               2.19465
754               2.19465
755               2.19465
756               2.19465
757               2.19465
758               2.19465
759               2.19465
760               2.19465
761               2.19465
762               2.19465
763               2.19465
764               2.19465
765               2.19465
766               2.19465
767               2.19465
768               2.19465
769               2.19465
770               2.19465
771               2.19465
772               2.19465
773               2.19465
774               2.19465
775               2.19465
776               2.19465
777               2.19465
778               2.19465
779               2.19465
780               2.19465
781               2.19465
782               2.19465
783               2.19465
784               2.19465
785               2.19465
786               2.19465
787               2.19465
788               2.19465
789               2.19465
790               2.19465
791               2.19465
792               2.19465
793               2.19465
794               2.19465
795               2.19465
796               2.19465
797               2.19465
798               2.19465
799               2.19465
800               2.19465
801               2.19465
802               2.19465
803               2.19465
804               2.19465
805               2.19465
806               2.19465
807               2.19465
808               2.19465
809               2.19465
810               2.19465
811               2.19465
812               2.19465
813               2.19465
814               2.19465
815               2.19465
816               2.19465
817               2.19465
818               2.19465
819               2.19465
820               2.19465
821               2.19465
822               2.19465
823               2.19465
824               2.19465
825               2.19465
826               2.19465
827               2.19465
828               2.19465
829               2.19465
830               2.19465
831               2.19465
832               2.19465
833               2.19465
834               2.19465
835               2.19465
836               2.19465
837               2.19465
838               2.19465
839               2.19465
840               2.19465
841               2.19465
842               2.19465
843               2.19465
844               2.19465
845               2.19465
846               2.19465
847               2.19465
848               2.19465
849               2.19465
850               2.19465
851               2.19465
852               2.19465
853               2.19465
854               2.19465
855               2.19465
856               2.19465
857               2.19465
858               2.19465
859               2.19465
860               2.19465
861               2.19465
862               2.19465
863               2.19465
864               2.19465
865               2.19465
866               2.19465
867               2.19465
868               2.19465
869               2.19465
870               2.19465
871               2.19465
872               2.19465
873               2.19465
874               2.19465
875               2.19465
876               2.19465
877               2.19465
878               2.19465
879               2.19465
880               2.19465
881               2.19465
882               2.19465
883               2.19465
884               2.19465
885               2.19465
886               2.19465
887               2.19465
888               2.19465
889               2.19465
890               2.19465
891               2.19465
892               2.19465
893               2.19465
894               2.19465
895               2.19465
896               2.19465
897               2.19465
898               2.19465
899               2.19465
900               2.19465
901               2.19465
902               2.19465
903               2.19465
904               2.19465
905               2.19465
906               2.19465
907               2.19465
908               2.19465
909               2.19465
910               2.19465
911               2.19465
912               2.19465
913               2.19465
914               2.19465
915               2.19465
916               2.19465
917               2.19465
918               2.19465
919               2.19465
920               2.19465
921               2.19465
922               2.19465
923               2.19465
924               2.19465
925               2.19465
926               2.19465
927               2.19465
928               2.19465
929               2.19465
930               2.19465
931               2.19465
932               2.19465
933               2.19465
934               2.19465
935               2.19465
936               2.19465
937               2.19465
938               2.19465
939               2.19465
940               2.19465
941               2.19465
942               2.19465
943               2.19465
944               2.19465
945               2.19465
946               2.19465
947               2.19465
948               2.19465
949               2.19465
950               2.19465
951               2.19465
952               2.19465
953               2.19465
954               2.19465
955               2.19465
956               2.19465
957               2.19465
958               2.19465
959               2.19465
960               2.19465
961               2.19465
962               2.19465
963               2.19465
964               2.19465
965               2.19465
966               2.19465
967               2.19465
968               2.19465
969               2.19465
970               2.19465
971               2.19465
972               2.19465
973               2.19465
974               2.19465
975               2.19465
976               2.19465
977               2.19465
978               2.19465
979               2.19465
980               2.19465
981               2.19465
982               2.19465
983               2.19465
984               2.19465
985               2.19465
986               2.19465
987               2.19465
988               2.19465
989               2.19465
990               2.19465
991               2.19465
992               2.19465
993               2.19465
994               2.19465
995               2.19465
996               2.19465
997               2.19465
998               2.19465
999               2.19465
1000               2.19465
