      -0.0927729        0.231929         1.63916
        0.943805        0.601201        -1.81886
        0.499433       0.0397305         2.53776
        0.141949        -1.11203      -0.0201947
        0.533348       -0.722295        0.543225
        -1.56043        -1.06921       -0.783098
        -1.51504       0.0870095       -0.590568
       -0.712981         1.54657      0.00400998
       -0.777676        -1.28729       -0.755738
        0.354607        0.106579         1.73573
       -0.377399         1.04094      -0.0480383
         1.23744        0.818988       -0.251264
         2.27681         1.35113        0.981306
         -1.2834       -0.269694        -1.57287
       -0.987791         1.42009        0.539962
         -1.2979        0.338754       0.0172918
        0.549643        -1.11618        0.531148
       0.0862278        0.680842         2.13615
        0.749018       -0.500026       -0.853554
       -0.173818        0.179715         1.11826
       -0.546407        -2.37532        0.256128
         0.94621        0.852757       -0.704255
        0.495152         1.01705       -0.202236
       -0.228128        0.592453        0.342584
       -0.555512      -0.0250454        0.070046
       -0.423753        -1.06859        -0.89209
       -0.217895         1.44213       0.0499507
         1.16978           1.323         1.09015
         2.51923       0.0323869       -0.872328
        0.755981        0.120967       -0.426149
         1.13883       -0.167534        -1.25573
      -0.0698037         1.59909      -0.0934033
        0.502896        0.291794        0.465039
      -0.0659676        0.401567       -0.849457
            2.04        -1.35757       -0.886552
       -0.340888         -0.2645       -0.733627
        -1.80406       -0.709195        -1.21449
          3.0378         0.32617        -0.15648
       -0.388688       -0.271052       -0.297909
        -1.78161       -0.942398        -1.08517
        -1.38366        0.136117        -1.37559
      -0.0948928       -0.703594        0.379556
       -0.455738        0.548226     -0.00125898
         1.23929        0.235017        0.163858
       -0.232223        0.847995         1.42948
         1.27429        0.226666       -0.149272
       -0.587636         1.11466        0.694783
        0.118283       -0.496623         1.40798
        -1.14612      -0.0370304        -1.51879
        -1.36426         -2.0051         1.61164
        -2.91064        -1.88437         1.30247
       -0.439992         1.38185         1.32724
        -1.08781        0.336273        -2.13786
         1.23238         0.54487       -0.686659
       -0.594304        -2.03206         1.08168
       -0.589538       -0.249994         1.60168
        0.537606        0.292421       -0.906655
        0.585277       -0.152959       -0.858624
        -1.45143        -1.18259       -0.832979
       -0.914054        -1.56736         0.95872
        0.277601        0.596448       -0.190638
         1.19401         1.98242       -0.185563
        -1.63738         1.03311       -0.136489
        -1.82503         2.86091       0.0582126
       -0.200187        0.457619        -1.07693
       -0.336425        0.429858        0.302685
        0.755521        0.768828        0.498402
        -1.25336       -0.461595         1.00365
         -1.5418       -0.543653        -1.12537
          0.4451       -0.254108        -0.34666
        0.815736       -0.400115        0.141558
         2.83581         1.44691       -0.109757
       -0.229989       -0.918086        0.903449
        0.727911        0.445286       0.0219367
         0.17508         -2.0444       0.0508406
        -0.30278         0.44328        0.987582
       -0.877463        -2.28401       -0.587758
         1.36149       -0.632479          1.0172
       -0.293482        -1.34459       -0.238597
        0.199024        0.354847       -0.316033
       -0.530133         1.31347       0.0673907
        0.433126       -0.718758       -0.570587
       -0.128297        -1.45545        -0.20622
      -0.0584634         1.93835        -2.37648
         1.36837      -0.0919337        0.632724
        0.387498        0.556455        -1.12874
        0.750724        0.434795        0.322008
        0.448209       -0.923411         0.25572
         1.01304        0.488821         -1.1446
         1.35907         1.31911        -0.97621
         0.61771         1.07784     0.000929383
        0.070277       -0.221313        0.568384
       -0.729959       -0.607286        0.819295
       -0.108493          1.1077         1.55994
        0.185424        0.591754        0.880733
        -1.06059        0.926621        -2.01192
        0.914469        0.216748         1.31825
       -0.651475       -0.371774         1.12105
        0.893952        -1.69552        -1.00212
      -0.0936994        -1.80695        0.873567
        0.348728        0.293594        0.336258
         1.50284        0.786119         1.19761
        -2.52315       -0.930205       -0.617611
       -0.284387        -1.61905         1.05309
         1.49427        -1.36657        0.861078
       -0.587452        0.265499        -0.50658
       -0.462669        0.718918        -2.62566
         -1.3694       -0.701367       -0.558236
